{"numTotalTestSuites":67,"numPassedTestSuites":6,"numFailedTestSuites":61,"numPendingTestSuites":0,"numTotalTests":7,"numPassedTests":7,"numFailedTests":0,"numPendingTests":0,"numTodoTests":0,"snapshot":{"added":0,"failure":false,"filesAdded":0,"filesRemoved":0,"filesRemovedList":[],"filesUnmatched":0,"filesUpdated":0,"matched":0,"total":0,"unchecked":0,"uncheckedKeysByFile":[],"unmatched":0,"updated":0,"didUpdate":false},"startTime":1754752338592,"success":false,"testResults":[{"assertionResults":[],"startTime":1754752338592,"endTime":1754752338592,"status":"failed","message":"No test suite found in file C:/Projects/CleanCodeArchitecture/ai-scheduler/backend/tests/cmp-backward-pass.test.ts","name":"C:/Projects/CleanCodeArchitecture/ai-scheduler/backend/tests/cmp-backward-pass.test.ts"},{"assertionResults":[],"startTime":1754752338592,"endTime":1754752338592,"status":"failed","message":"No test suite found in file C:/Projects/CleanCodeArchitecture/ai-scheduler/backend/src/tests/basic.test.ts","name":"C:/Projects/CleanCodeArchitecture/ai-scheduler/backend/src/tests/basic.test.ts"},{"assertionResults":[],"startTime":1754752338592,"endTime":1754752338592,"status":"failed","message":"No test suite found in file C:/Projects/CleanCodeArchitecture/ai-scheduler/backend/src/tests/cpm-backward-pass.test.ts","name":"C:/Projects/CleanCodeArchitecture/ai-scheduler/backend/src/tests/cpm-backward-pass.test.ts"},{"assertionResults":[],"startTime":1754752338592,"endTime":1754752338592,"status":"failed","message":"No test suite found in file C:/Projects/CleanCodeArchitecture/ai-scheduler/backend/src/tests/cpm-forward-pass.test.ts","name":"C:/Projects/CleanCodeArchitecture/ai-scheduler/backend/src/tests/cpm-forward-pass.test.ts"},{"assertionResults":[],"startTime":1754752338592,"endTime":1754752338592,"status":"failed","message":"No test suite found in file C:/Projects/CleanCodeArchitecture/ai-scheduler/backend/src/tests/dependency.test.ts","name":"C:/Projects/CleanCodeArchitecture/ai-scheduler/backend/src/tests/dependency.test.ts"},{"assertionResults":[],"startTime":1754752338592,"endTime":1754752338592,"status":"failed","message":"No test suite found in file C:/Projects/CleanCodeArchitecture/ai-scheduler/backend/src/tests/logicLink.test.ts","name":"C:/Projects/CleanCodeArchitecture/ai-scheduler/backend/src/tests/logicLink.test.ts"},{"assertionResults":[],"startTime":1754752338592,"endTime":1754752338592,"status":"failed","message":"No test suite found in file C:/Projects/CleanCodeArchitecture/ai-scheduler/backend/src/tests/module5.1.comprehensive.test.ts","name":"C:/Projects/CleanCodeArchitecture/ai-scheduler/backend/src/tests/module5.1.comprehensive.test.ts"},{"assertionResults":[],"startTime":1754752338592,"endTime":1754752338592,"status":"failed","message":"describe is not defined","name":"C:/Projects/CleanCodeArchitecture/ai-scheduler/backend/src/tests/schedule-api.test.ts"},{"assertionResults":[],"startTime":1754752338592,"endTime":1754752338592,"status":"failed","message":"Do not import `@jest/globals` outside of the Jest test environment","name":"C:/Projects/CleanCodeArchitecture/ai-scheduler/backend/src/tests/schedule-integration.test.ts"},{"assertionResults":[],"startTime":1754752338592,"endTime":1754752338592,"status":"failed","message":"Do not import `@jest/globals` outside of the Jest test environment","name":"C:/Projects/CleanCodeArchitecture/ai-scheduler/backend/src/tests/schedule-performance.test.ts"},{"assertionResults":[],"startTime":1754752338592,"endTime":1754752338592,"status":"failed","message":"No test suite found in file C:/Projects/CleanCodeArchitecture/ai-scheduler/backend/src/tests/simple.test.ts","name":"C:/Projects/CleanCodeArchitecture/ai-scheduler/backend/src/tests/simple.test.ts"},{"assertionResults":[],"startTime":1754752338592,"endTime":1754752338592,"status":"failed","message":"No test suite found in file C:/Projects/CleanCodeArchitecture/ai-scheduler/backend/src/tests/test-summary-generator.test.ts","name":"C:/Projects/CleanCodeArchitecture/ai-scheduler/backend/src/tests/test-summary-generator.test.ts"},{"assertionResults":[],"startTime":1754752338592,"endTime":1754752338592,"status":"failed","message":"describe is not defined","name":"C:/Projects/CleanCodeArchitecture/ai-scheduler/backend/tests/module5/module5.1-core-engine.test.ts"},{"assertionResults":[],"startTime":1754752338592,"endTime":1754752338592,"status":"failed","message":"describe is not defined","name":"C:/Projects/CleanCodeArchitecture/ai-scheduler/backend/tests/module5/module5.2-forward-pass.test.ts"},{"assertionResults":[],"startTime":1754752338592,"endTime":1754752338592,"status":"failed","message":"describe is not defined","name":"C:/Projects/CleanCodeArchitecture/ai-scheduler/backend/tests/module5/module5.3-backward-pass.compliant.test.ts"},{"assertionResults":[],"startTime":1754752338592,"endTime":1754752338592,"status":"failed","message":"describe is not defined","name":"C:/Projects/CleanCodeArchitecture/ai-scheduler/backend/tests/module5/module5.3-backward-pass.fixed.test.ts"},{"assertionResults":[],"startTime":1754752338592,"endTime":1754752338592,"status":"failed","message":"describe is not defined","name":"C:/Projects/CleanCodeArchitecture/ai-scheduler/backend/tests/module5/module5.3-backward-pass.test.ts"},{"assertionResults":[],"startTime":1754752338592,"endTime":1754752338592,"status":"failed","message":"describe is not defined","name":"C:/Projects/CleanCodeArchitecture/ai-scheduler/backend/tests/module5/module5.5-api.test.ts"},{"assertionResults":[],"startTime":1754752338592,"endTime":1754752338592,"status":"failed","message":"Do not import `@jest/globals` outside of the Jest test environment","name":"C:/Projects/CleanCodeArchitecture/ai-scheduler/backend/tests/module5/module5.6-performance.test.ts"},{"assertionResults":[],"startTime":1754752338592,"endTime":1754752338592,"status":"failed","message":"describe is not defined","name":"C:/Projects/CleanCodeArchitecture/ai-scheduler/backend/tests/module6/module6.1-constraint-types.test.ts"},{"assertionResults":[],"startTime":1754752338592,"endTime":1754752338592,"status":"failed","message":"Cannot find package '@testing-library/jest-dom' imported from 'C:/Projects/CleanCodeArchitecture/ai-scheduler/frontend/src/hooks/useConstraints-core.test.tsx'","name":"C:/Projects/CleanCodeArchitecture/ai-scheduler/frontend/src/hooks/useConstraints-core.test.tsx"},{"assertionResults":[],"startTime":1754752338592,"endTime":1754752338592,"status":"failed","message":"Cannot find package '@testing-library/jest-dom' imported from 'C:/Projects/CleanCodeArchitecture/ai-scheduler/frontend/src/components/constraint-feedback-basic.test.tsx'","name":"C:/Projects/CleanCodeArchitecture/ai-scheduler/frontend/src/components/constraint-feedback-basic.test.tsx"},{"assertionResults":[],"startTime":1754752338592,"endTime":1754752338592,"status":"failed","message":"Cannot find package '@testing-library/jest-dom' imported from 'C:/Projects/CleanCodeArchitecture/ai-scheduler/frontend/src/components/constraint-feedback-core.test.tsx'","name":"C:/Projects/CleanCodeArchitecture/ai-scheduler/frontend/src/components/constraint-feedback-core.test.tsx"},{"assertionResults":[],"startTime":1754752338592,"endTime":1754752338592,"status":"failed","message":"Cannot find package '@testing-library/jest-dom' imported from 'C:/Projects/CleanCodeArchitecture/ai-scheduler/frontend/src/components/constraint-feedback-interaction.test.tsx'","name":"C:/Projects/CleanCodeArchitecture/ai-scheduler/frontend/src/components/constraint-feedback-interaction.test.tsx"},{"assertionResults":[],"startTime":1754752338592,"endTime":1754752338592,"status":"failed","message":"No test suite found in file C:/Projects/CleanCodeArchitecture/ai-scheduler/frontend/src/components/constraint-feedback.test.tsx","name":"C:/Projects/CleanCodeArchitecture/ai-scheduler/frontend/src/components/constraint-feedback.test.tsx"},{"assertionResults":[],"startTime":1754752338592,"endTime":1754752338592,"status":"failed","message":"describe is not defined","name":"C:/Projects/CleanCodeArchitecture/ai-scheduler/backend/src/modules/module6/module6.1-constraint-types.test.ts"},{"assertionResults":[],"startTime":1754752338592,"endTime":1754752338592,"status":"failed","message":"describe is not defined","name":"C:/Projects/CleanCodeArchitecture/ai-scheduler/backend/src/modules/module6/module6.2-validation-engine.test.ts"},{"assertionResults":[],"startTime":1754752338592,"endTime":1754752338592,"status":"failed","message":"describe is not defined","name":"C:/Projects/CleanCodeArchitecture/ai-scheduler/backend/src/modules/module6/module6.3-integration.test.ts"},{"assertionResults":[],"startTime":1754752338592,"endTime":1754752338592,"status":"failed","message":"describe is not defined","name":"C:/Projects/CleanCodeArchitecture/ai-scheduler/backend/src/modules/module6/shared-types.test.ts"},{"assertionResults":[],"startTime":1754752338592,"endTime":1754752338592,"status":"failed","message":"No test suite found in file C:/Projects/CleanCodeArchitecture/ai-scheduler/backend/src/tests/integration/module5.1.integration.test.ts","name":"C:/Projects/CleanCodeArchitecture/ai-scheduler/backend/src/tests/integration/module5.1.integration.test.ts"},{"assertionResults":[],"startTime":1754752338592,"endTime":1754752338592,"status":"failed","message":"No test suite found in file C:/Projects/CleanCodeArchitecture/ai-scheduler/backend/src/tests/schedule/schedule-models.test.ts","name":"C:/Projects/CleanCodeArchitecture/ai-scheduler/backend/src/tests/schedule/schedule-models.test.ts"},{"assertionResults":[],"startTime":1754752338592,"endTime":1754752338592,"status":"failed","message":"No test suite found in file C:/Projects/CleanCodeArchitecture/ai-scheduler/backend/src/tests/models/schedule/dependency.util.test.ts","name":"C:/Projects/CleanCodeArchitecture/ai-scheduler/backend/src/tests/models/schedule/dependency.util.test.ts"},{"assertionResults":[],"startTime":1754752338592,"endTime":1754752338592,"status":"failed","message":"No test suite found in file C:/Projects/CleanCodeArchitecture/ai-scheduler/backend/src/tests/models/schedule/logicLink.model.test.ts","name":"C:/Projects/CleanCodeArchitecture/ai-scheduler/backend/src/tests/models/schedule/logicLink.model.test.ts"},{"assertionResults":[],"startTime":1754752338592,"endTime":1754752338592,"status":"failed","message":"No test suite found in file C:/Projects/CleanCodeArchitecture/ai-scheduler/backend/src/tests/models/schedule/task.model.test.ts","name":"C:/Projects/CleanCodeArchitecture/ai-scheduler/backend/src/tests/models/schedule/task.model.test.ts"},{"assertionResults":[],"startTime":1754752338592,"endTime":1754752338592,"status":"failed","message":"No test suite found in file C:/Projects/CleanCodeArchitecture/ai-scheduler/backend/src/tests/models/schedule/workingDays.util.test.ts","name":"C:/Projects/CleanCodeArchitecture/ai-scheduler/backend/src/tests/models/schedule/workingDays.util.test.ts"},{"assertionResults":[],"startTime":1754752338592,"endTime":1754752338592,"status":"failed","message":"No test suite found in file C:/Projects/CleanCodeArchitecture/ai-scheduler/backend/src/services/module5.4/tests/module54.test.ts","name":"C:/Projects/CleanCodeArchitecture/ai-scheduler/backend/src/services/module5.4/tests/module54.test.ts"},{"assertionResults":[{"ancestorTitles":["7.4 Framework Integration"],"fullName":"7.4 Framework Integration 7.4.1 → 7.4.2 → 7.4.3 chain integration","status":"passed","title":"7.4.1 → 7.4.2 → 7.4.3 chain integration","duration":14.688500000000033,"failureMessages":[],"meta":{}},{"ancestorTitles":["7.4 Framework Integration"],"fullName":"7.4 Framework Integration risk manager integrates with analyzer for monitoring","status":"passed","title":"risk manager integrates with analyzer for monitoring","duration":0.4294999999999618,"failureMessages":[],"meta":{}},{"ancestorTitles":["7.4 Framework Integration"],"fullName":"7.4 Framework Integration risk manager can use contingency planner for fallbacks","status":"passed","title":"risk manager can use contingency planner for fallbacks","duration":0.2890000000000441,"failureMessages":[],"meta":{}}],"startTime":1754752340254,"endTime":1754752340269.289,"status":"passed","message":"","name":"C:/Projects/CleanCodeArchitecture/ai-scheduler/src/modules/module7/7.4-resilience-framework/__tests__/integration-7.4.test.ts"},{"assertionResults":[{"ancestorTitles":["RiskManager"],"fullName":"RiskManager assesses risks and applies up to N mitigations","status":"passed","title":"assesses risks and applies up to N mitigations","duration":12.800900000000013,"failureMessages":[],"meta":{}},{"ancestorTitles":["RiskManager"],"fullName":"RiskManager respects whitelist and budget","status":"passed","title":"respects whitelist and budget","duration":0.37309999999996535,"failureMessages":[],"meta":{}}],"startTime":1754752340270,"endTime":1754752340283.373,"status":"passed","message":"","name":"C:/Projects/CleanCodeArchitecture/ai-scheduler/src/modules/module7/7.4-resilience-framework/__tests__/risk-manager.test.ts"},{"assertionResults":[],"startTime":1754752338592,"endTime":1754752338592,"status":"failed","message":"describe is not defined","name":"C:/Projects/CleanCodeArchitecture/ai-scheduler/backend/src/modules/module5/module5.4-float-critical/tests/module54.test.ts"},{"assertionResults":[],"startTime":1754752338592,"endTime":1754752338592,"status":"failed","message":"No test suite found in file C:/Projects/CleanCodeArchitecture/ai-scheduler/backend/src/modules/module7/7.1-constraint-engine/__tests__/constraint-aware-scheduler.test.ts","name":"C:/Projects/CleanCodeArchitecture/ai-scheduler/backend/src/modules/module7/7.1-constraint-engine/__tests__/constraint-aware-scheduler.test.ts"},{"assertionResults":[],"startTime":1754752338592,"endTime":1754752338592,"status":"failed","message":"No test suite found in file C:/Projects/CleanCodeArchitecture/ai-scheduler/backend/src/modules/module7/7.1-constraint-engine/__tests__/constraint-evaluator.test.ts","name":"C:/Projects/CleanCodeArchitecture/ai-scheduler/backend/src/modules/module7/7.1-constraint-engine/__tests__/constraint-evaluator.test.ts"},{"assertionResults":[],"startTime":1754752338592,"endTime":1754752338592,"status":"failed","message":"No test suite found in file C:/Projects/CleanCodeArchitecture/ai-scheduler/backend/src/modules/module7/7.1-constraint-engine/__tests__/schedule-optimizer.test.ts","name":"C:/Projects/CleanCodeArchitecture/ai-scheduler/backend/src/modules/module7/7.1-constraint-engine/__tests__/schedule-optimizer.test.ts"},{"assertionResults":[],"startTime":1754752338592,"endTime":1754752338592,"status":"failed","message":"No test suite found in file C:/Projects/CleanCodeArchitecture/ai-scheduler/backend/src/modules/module7/7.3-resource-integration/perf/performance.test.ts","name":"C:/Projects/CleanCodeArchitecture/ai-scheduler/backend/src/modules/module7/7.3-resource-integration/perf/performance.test.ts"},{"assertionResults":[],"startTime":1754752338592,"endTime":1754752338592,"status":"failed","message":"No test suite found in file C:/Projects/CleanCodeArchitecture/ai-scheduler/backend/src/modules/module7/7.2-intelligent-optimization/__tests__/api-shapes.test.ts","name":"C:/Projects/CleanCodeArchitecture/ai-scheduler/backend/src/modules/module7/7.2-intelligent-optimization/__tests__/api-shapes.test.ts"},{"assertionResults":[],"startTime":1754752338592,"endTime":1754752338592,"status":"failed","message":"No test suite found in file C:/Projects/CleanCodeArchitecture/ai-scheduler/backend/src/modules/module7/7.2-intelligent-optimization/__tests__/genetic-algorithm.test.ts","name":"C:/Projects/CleanCodeArchitecture/ai-scheduler/backend/src/modules/module7/7.2-intelligent-optimization/__tests__/genetic-algorithm.test.ts"},{"assertionResults":[],"startTime":1754752338592,"endTime":1754752338592,"status":"failed","message":"No test suite found in file C:/Projects/CleanCodeArchitecture/ai-scheduler/backend/src/modules/module7/7.2-intelligent-optimization/__tests__/optimization-algorithms.test.ts","name":"C:/Projects/CleanCodeArchitecture/ai-scheduler/backend/src/modules/module7/7.2-intelligent-optimization/__tests__/optimization-algorithms.test.ts"},{"assertionResults":[],"startTime":1754752338592,"endTime":1754752338592,"status":"failed","message":"No test suite found in file C:/Projects/CleanCodeArchitecture/ai-scheduler/backend/src/modules/module7/7.3-resource-integration/__tests__/availability-checker.test.ts","name":"C:/Projects/CleanCodeArchitecture/ai-scheduler/backend/src/modules/module7/7.3-resource-integration/__tests__/availability-checker.test.ts"},{"assertionResults":[],"startTime":1754752338592,"endTime":1754752338592,"status":"failed","message":"No test suite found in file C:/Projects/CleanCodeArchitecture/ai-scheduler/backend/src/modules/module7/7.3-resource-integration/__tests__/integration.test.ts","name":"C:/Projects/CleanCodeArchitecture/ai-scheduler/backend/src/modules/module7/7.3-resource-integration/__tests__/integration.test.ts"},{"assertionResults":[],"startTime":1754752338592,"endTime":1754752338592,"status":"failed","message":"No test suite found in file C:/Projects/CleanCodeArchitecture/ai-scheduler/backend/src/modules/module7/7.3-resource-integration/__tests__/skill-based-allocation.test.ts","name":"C:/Projects/CleanCodeArchitecture/ai-scheduler/backend/src/modules/module7/7.3-resource-integration/__tests__/skill-based-allocation.test.ts"},{"assertionResults":[],"startTime":1754752338592,"endTime":1754752338592,"status":"failed","message":"describe is not defined","name":"C:/Projects/CleanCodeArchitecture/ai-scheduler/backend/src/modules/module7/7.4-resilience-framework/__tests__/contingency-planner.test.ts"},{"assertionResults":[],"startTime":1754752338592,"endTime":1754752338592,"status":"failed","message":"describe is not defined","name":"C:/Projects/CleanCodeArchitecture/ai-scheduler/backend/src/modules/module7/7.4-resilience-framework/__tests__/resilience-analyzer.test.ts"},{"assertionResults":[],"startTime":1754752338592,"endTime":1754752338592,"status":"failed","message":"Do not import `@jest/globals` outside of the Jest test environment","name":"C:/Projects/CleanCodeArchitecture/ai-scheduler/backend/src/modules/module7/7.4-resilience-framework/__tests__/resilience-framework.test.ts"},{"assertionResults":[],"startTime":1754752338592,"endTime":1754752338592,"status":"failed","message":"describe is not defined","name":"C:/Projects/CleanCodeArchitecture/ai-scheduler/backend/src/modules/module7/__regression__/ci/invariants.test.ts"},{"assertionResults":[],"startTime":1754752338592,"endTime":1754752338592,"status":"failed","message":"describe is not defined","name":"C:/Projects/CleanCodeArchitecture/ai-scheduler/backend/src/modules/module7/__regression__/perf/perf.snapshot.test.ts"},{"assertionResults":[],"startTime":1754752338592,"endTime":1754752338592,"status":"failed","message":"describe is not defined","name":"C:/Projects/CleanCodeArchitecture/ai-scheduler/backend/src/modules/module7/__regression__/perf/pipeline.perf.test.ts"},{"assertionResults":[],"startTime":1754752338592,"endTime":1754752338592,"status":"failed","message":"describe is not defined","name":"C:/Projects/CleanCodeArchitecture/ai-scheduler/backend/src/modules/module7/__regression__/e2e/edge-cases.e2e.test.ts"},{"assertionResults":[],"startTime":1754752338592,"endTime":1754752338592,"status":"failed","message":"describe is not defined","name":"C:/Projects/CleanCodeArchitecture/ai-scheduler/backend/src/modules/module7/__regression__/e2e/flags.e2e.test.ts"},{"assertionResults":[],"startTime":1754752338592,"endTime":1754752338592,"status":"failed","message":"describe is not defined","name":"C:/Projects/CleanCodeArchitecture/ai-scheduler/backend/src/modules/module7/__regression__/e2e/pipeline.e2e.test.ts"},{"assertionResults":[{"ancestorTitles":[],"fullName":"7.4 end-to-end: analyzer → planner → risk manager","status":"passed","title":"7.4 end-to-end: analyzer → planner → risk manager","duration":12.021200000000022,"failureMessages":[],"meta":{}}],"startTime":1754752340271,"endTime":1754752340283.0212,"status":"passed","message":"","name":"C:/Projects/CleanCodeArchitecture/ai-scheduler/src/modules/module7/7.4-resilience-framework/__regression__/e2e/risk.e2e.test.ts"},{"assertionResults":[{"ancestorTitles":[],"fullName":"risk cycle completes under 1 minute for 5k tasks","status":"passed","title":"risk cycle completes under 1 minute for 5k tasks","duration":9.48679999999996,"failureMessages":[],"meta":{}}],"startTime":1754752340314,"endTime":1754752340323.4868,"status":"passed","message":"","name":"C:/Projects/CleanCodeArchitecture/ai-scheduler/src/modules/module7/7.4-resilience-framework/__regression__/perf/risk.perf.test.ts"},{"assertionResults":[],"startTime":1754752338592,"endTime":1754752338592,"status":"failed","message":"No test suite found in file C:/Projects/CleanCodeArchitecture/ai-scheduler/backend/src/modules/module7/7.4-resilience-framework/7.4.1-resilience-analyzer/__tests__/resilience-analyzer.test.ts","name":"C:/Projects/CleanCodeArchitecture/ai-scheduler/backend/src/modules/module7/7.4-resilience-framework/7.4.1-resilience-analyzer/__tests__/resilience-analyzer.test.ts"},{"assertionResults":[],"startTime":1754752338592,"endTime":1754752338592,"status":"failed","message":"describe is not defined","name":"C:/Projects/CleanCodeArchitecture/ai-scheduler/backend/src/modules/module7/7.4-resilience-framework/__regression__/e2e/contingency.e2e.test.ts"},{"assertionResults":[],"startTime":1754752338592,"endTime":1754752338592,"status":"failed","message":"test is not defined","name":"C:/Projects/CleanCodeArchitecture/ai-scheduler/backend/src/modules/module7/7.4-resilience-framework/__regression__/perf/contingency.perf.test.ts"},{"assertionResults":[],"startTime":1754752338592,"endTime":1754752338592,"status":"failed","message":"test is not defined","name":"C:/Projects/CleanCodeArchitecture/ai-scheduler/backend/src/modules/module7/7.4-resilience-framework/__regression__/perf/ra.perf.test.ts"},{"assertionResults":[],"startTime":1754752338592,"endTime":1754752338592,"status":"failed","message":"describe is not defined","name":"C:/Projects/CleanCodeArchitecture/ai-scheduler/backend/src/modules/module7/__regression__/tests/ci/invariants.test.ts"}]}