TN:
SF:src\index.ts
FN:9,(anonymous_0)
FN:22,(anonymous_1)
FN:33,(anonymous_2)
FN:49,(anonymous_3)
FNF:4
FNH:0
FNDA:0,(anonymous_0)
FNDA:0,(anonymous_1)
FNDA:0,(anonymous_2)
FNDA:0,(anonymous_3)
DA:5,0
DA:6,0
DA:9,0
DA:10,0
DA:11,0
DA:19,0
DA:22,0
DA:23,0
DA:24,0
DA:32,0
DA:39,0
DA:40,0
DA:48,0
DA:49,0
DA:50,0
DA:51,0
LF:16
LH:0
BRDA:43,0,0,0
BRDA:43,0,1,0
BRDA:48,1,0,0
BRDA:48,1,1,0
BRF:4
BRH:0
end_of_record
TN:
SF:src\models\schedule\dependency.util.ts
FN:17,(anonymous_0)
FN:24,(anonymous_1)
FN:37,(anonymous_2)
FN:41,(anonymous_3)
FN:69,(anonymous_4)
FN:70,(anonymous_5)
FN:70,(anonymous_6)
FN:76,(anonymous_7)
FN:77,(anonymous_8)
FN:77,(anonymous_9)
FN:83,(anonymous_10)
FN:88,(anonymous_11)
FN:101,(anonymous_12)
FN:106,(anonymous_13)
FN:133,checkCircularDependency
FN:140,getPredecessors
FN:144,getSuccessors
FN:148,buildDependencyGraph
FNF:18
FNH:0
FNDA:0,(anonymous_0)
FNDA:0,(anonymous_1)
FNDA:0,(anonymous_2)
FNDA:0,(anonymous_3)
FNDA:0,(anonymous_4)
FNDA:0,(anonymous_5)
FNDA:0,(anonymous_6)
FNDA:0,(anonymous_7)
FNDA:0,(anonymous_8)
FNDA:0,(anonymous_9)
FNDA:0,(anonymous_10)
FNDA:0,(anonymous_11)
FNDA:0,(anonymous_12)
FNDA:0,(anonymous_13)
FNDA:0,checkCircularDependency
FNDA:0,getPredecessors
FNDA:0,getSuccessors
FNDA:0,buildDependencyGraph
DA:22,0
DA:24,0
DA:25,0
DA:26,0
DA:28,0
DA:31,0
DA:38,0
DA:39,0
DA:41,0
DA:42,0
DA:43,0
DA:45,0
DA:46,0
DA:48,0
DA:49,0
DA:50,0
DA:53,0
DA:54,0
DA:58,0
DA:59,0
DA:60,0
DA:63,0
DA:70,0
DA:77,0
DA:86,0
DA:88,0
DA:89,0
DA:90,0
DA:92,0
DA:95,0
DA:102,0
DA:103,0
DA:104,0
DA:106,0
DA:107,0
DA:108,0
DA:110,0
DA:111,0
DA:112,0
DA:115,0
DA:119,0
DA:120,0
DA:121,0
DA:122,0
DA:126,0
DA:137,0
DA:141,0
DA:145,0
DA:151,0
LF:49
LH:0
BRDA:25,0,0,0
BRDA:42,1,0,0
BRDA:43,2,0,0
BRDA:48,3,0,0
BRDA:48,3,1,0
BRDA:50,4,0,0
BRDA:60,5,0,0
BRDA:89,6,0,0
BRDA:107,7,0,0
BRDA:110,8,0,0
BRDA:110,8,1,0
BRDA:121,9,0,0
BRF:12
BRH:0
end_of_record
TN:
SF:src\models\schedule\holiday.util.ts
FN:15,(anonymous_0)
FN:45,(anonymous_1)
FN:63,(anonymous_2)
FN:73,(anonymous_3)
FN:82,(anonymous_4)
FN:91,(anonymous_5)
FN:104,(anonymous_6)
FN:112,(anonymous_7)
FN:126,(anonymous_8)
FN:140,(anonymous_9)
FN:181,getHolidaysForYear
FN:195,isHoliday
FN:200,isBusinessDay
FNF:13
FNH:0
FNDA:0,(anonymous_0)
FNDA:0,(anonymous_1)
FNDA:0,(anonymous_2)
FNDA:0,(anonymous_3)
FNDA:0,(anonymous_4)
FNDA:0,(anonymous_5)
FNDA:0,(anonymous_6)
FNDA:0,(anonymous_7)
FNDA:0,(anonymous_8)
FNDA:0,(anonymous_9)
FNDA:0,getHolidaysForYear
FNDA:0,isHoliday
FNDA:0,isBusinessDay
DA:16,0
DA:19,0
DA:22,0
DA:25,0
DA:28,0
DA:29,0
DA:32,0
DA:33,0
DA:36,0
DA:37,0
DA:39,0
DA:46,0
DA:49,0
DA:52,0
DA:55,0
DA:57,0
DA:67,0
DA:68,0
DA:70,0
DA:74,0
DA:75,0
DA:77,0
DA:79,0
DA:83,0
DA:84,0
DA:86,0
DA:88,0
DA:92,0
DA:93,0
DA:95,0
DA:97,0
DA:98,0
DA:105,0
DA:106,0
DA:113,0
DA:114,0
DA:116,0
DA:117,0
DA:120,0
DA:127,0
DA:128,0
DA:130,0
DA:131,0
DA:134,0
DA:142,0
DA:143,0
DA:144,0
DA:145,0
DA:146,0
DA:147,0
DA:148,0
DA:149,0
DA:150,0
DA:151,0
DA:152,0
DA:153,0
DA:154,0
DA:155,0
DA:157,0
DA:158,0
DA:160,0
DA:167,0
DA:185,0
DA:187,0
DA:189,0
DA:191,0
DA:196,0
DA:197,0
DA:201,0
LF:69
LH:0
BRDA:65,0,0,0
BRDA:67,1,0,0
BRDA:106,2,0,0
BRDA:106,2,1,0
BRDA:183,3,0,0
BRDA:185,4,0,0
BRDA:185,4,1,0
BRDA:185,4,2,0
BRDA:200,5,0,0
BRDA:201,6,0,0
BRDA:201,6,1,0
BRF:11
BRH:0
end_of_record
TN:
SF:src\models\schedule\logicLink.model.clean.ts
FN:18,(anonymous_0)
FN:25,(anonymous_1)
FN:70,(anonymous_2)
FN:77,(anonymous_3)
FN:84,(anonymous_4)
FN:91,(anonymous_5)
FN:98,(anonymous_6)
FN:105,(anonymous_7)
FN:112,(anonymous_8)
FN:119,(anonymous_9)
FN:126,(anonymous_10)
FN:133,(anonymous_11)
FN:141,validateLogicLink
FN:146,createLogicLink
FNF:14
FNH:0
FNDA:0,(anonymous_0)
FNDA:0,(anonymous_1)
FNDA:0,(anonymous_2)
FNDA:0,(anonymous_3)
FNDA:0,(anonymous_4)
FNDA:0,(anonymous_5)
FNDA:0,(anonymous_6)
FNDA:0,(anonymous_7)
FNDA:0,(anonymous_8)
FNDA:0,(anonymous_9)
FNDA:0,(anonymous_10)
FNDA:0,(anonymous_11)
FNDA:0,validateLogicLink
FNDA:0,createLogicLink
DA:18,0
DA:19,0
DA:26,0
DA:28,0
DA:29,0
DA:37,0
DA:38,0
DA:46,0
DA:47,0
DA:55,0
DA:56,0
DA:64,0
DA:71,0
DA:78,0
DA:85,0
DA:92,0
DA:99,0
DA:106,0
DA:113,0
DA:120,0
DA:127,0
DA:134,0
DA:142,0
DA:143,0
DA:147,0
LF:25
LH:0
BRDA:28,0,0,0
BRDA:37,1,0,0
BRDA:46,2,0,0
BRDA:55,3,0,0
BRDA:106,4,0,0
BRDA:106,4,1,0
BRF:6
BRH:0
end_of_record
TN:
SF:src\models\schedule\logicLink.model.ts
FN:18,(anonymous_0)
FN:25,(anonymous_1)
FN:32,(anonymous_2)
FN:39,(anonymous_3)
FN:46,(anonymous_4)
FN:53,(anonymous_5)
FN:60,(anonymous_6)
FN:67,(anonymous_7)
FN:74,(anonymous_8)
FN:81,(anonymous_9)
FN:88,(anonymous_10)
FN:95,(anonymous_11)
FN:103,validateLogicLink
FN:151,createLogicLink
FN:153,(anonymous_14)
FN:156,(anonymous_15)
FNF:16
FNH:0
FNDA:0,(anonymous_0)
FNDA:0,(anonymous_1)
FNDA:0,(anonymous_2)
FNDA:0,(anonymous_3)
FNDA:0,(anonymous_4)
FNDA:0,(anonymous_5)
FNDA:0,(anonymous_6)
FNDA:0,(anonymous_7)
FNDA:0,(anonymous_8)
FNDA:0,(anonymous_9)
FNDA:0,(anonymous_10)
FNDA:0,(anonymous_11)
FNDA:0,validateLogicLink
FNDA:0,createLogicLink
FNDA:0,(anonymous_14)
FNDA:0,(anonymous_15)
DA:18,0
DA:26,0
DA:33,0
DA:40,0
DA:47,0
DA:54,0
DA:61,0
DA:68,0
DA:75,0
DA:82,0
DA:89,0
DA:96,0
DA:104,0
DA:106,0
DA:107,0
DA:115,0
DA:116,0
DA:125,0
DA:130,0
DA:138,0
DA:139,0
DA:140,0
DA:148,0
DA:152,0
DA:153,0
DA:154,0
DA:155,0
DA:156,0
DA:159,0
LF:29
LH:0
BRDA:68,0,0,0
BRDA:68,0,1,0
BRDA:106,1,0,0
BRDA:115,2,0,0
BRDA:125,3,0,0
BRDA:126,4,0,0
BRDA:126,4,1,0
BRDA:126,4,2,0
BRDA:139,5,0,0
BRDA:154,6,0,0
BRF:10
BRH:0
end_of_record
TN:
SF:src\models\schedule\scheduleEngine.model.clean.ts
FN:24,(anonymous_0)
FN:33,(anonymous_1)
FN:53,(anonymous_2)
FN:65,(anonymous_3)
FN:80,(anonymous_4)
FN:87,(anonymous_5)
FN:113,(anonymous_6)
FN:120,(anonymous_7)
FN:130,(anonymous_8)
FN:137,(anonymous_9)
FN:151,(anonymous_10)
FN:158,(anonymous_11)
FN:188,(anonymous_12)
FN:214,(anonymous_13)
FN:226,createScheduleEngine
FN:233,createScheduleEngineWithConfig
FNF:16
FNH:0
FNDA:0,(anonymous_0)
FNDA:0,(anonymous_1)
FNDA:0,(anonymous_2)
FNDA:0,(anonymous_3)
FNDA:0,(anonymous_4)
FNDA:0,(anonymous_5)
FNDA:0,(anonymous_6)
FNDA:0,(anonymous_7)
FNDA:0,(anonymous_8)
FNDA:0,(anonymous_9)
FNDA:0,(anonymous_10)
FNDA:0,(anonymous_11)
FNDA:0,(anonymous_12)
FNDA:0,(anonymous_13)
FNDA:0,createScheduleEngine
FNDA:0,createScheduleEngineWithConfig
DA:27,0
DA:34,0
DA:36,0
DA:57,0
DA:58,0
DA:62,0
DA:64,0
DA:65,0
DA:66,0
DA:67,0
DA:68,0
DA:69,0
DA:74,0
DA:81,0
DA:91,0
DA:93,0
DA:94,0
DA:98,0
DA:100,0
DA:101,0
DA:102,0
DA:103,0
DA:107,0
DA:114,0
DA:121,0
DA:134,0
DA:136,0
DA:138,0
DA:142,0
DA:152,0
DA:162,0
DA:163,0
DA:164,0
DA:166,0
DA:167,0
DA:170,0
DA:171,0
DA:174,0
DA:175,0
DA:178,0
DA:179,0
DA:182,0
DA:197,0
DA:199,0
DA:200,0
DA:201,0
DA:202,0
DA:203,0
DA:204,0
DA:205,0
DA:206,0
DA:208,0
DA:215,0
DA:227,0
DA:236,0
LF:55
LH:0
BRDA:38,0,0,0
BRDA:38,0,1,0
BRDA:39,1,0,0
BRDA:39,1,1,0
BRDA:57,2,0,0
BRDA:57,3,0,0
BRDA:57,3,1,0
BRDA:58,4,0,0
BRDA:58,4,1,0
BRDA:62,5,0,0
BRDA:62,5,1,0
BRDA:66,6,0,0
BRDA:68,7,0,0
BRDA:91,8,0,0
BRDA:102,9,0,0
BRDA:134,10,0,0
BRDA:138,11,0,0
BRDA:138,11,1,0
BRDA:160,12,0,0
BRDA:166,13,0,0
BRDA:166,14,0,0
BRDA:166,14,1,0
BRDA:170,15,0,0
BRDA:174,16,0,0
BRDA:174,17,0,0
BRDA:174,17,1,0
BRDA:178,18,0,0
BRDA:178,19,0,0
BRDA:178,19,1,0
BRDA:178,20,0,0
BRDA:178,20,1,0
BRF:31
BRH:0
end_of_record
TN:
SF:src\models\schedule\scheduleEngine.model.ts
FN:24,(anonymous_0)
FN:33,(anonymous_1)
FN:53,(anonymous_2)
FN:65,(anonymous_3)
FN:80,(anonymous_4)
FN:87,(anonymous_5)
FN:113,(anonymous_6)
FN:120,(anonymous_7)
FN:130,(anonymous_8)
FN:137,(anonymous_9)
FN:151,(anonymous_10)
FN:158,(anonymous_11)
FN:188,(anonymous_12)
FN:214,(anonymous_13)
FN:226,createScheduleEngine
FN:233,createScheduleEngineWithConfig
FNF:16
FNH:0
FNDA:0,(anonymous_0)
FNDA:0,(anonymous_1)
FNDA:0,(anonymous_2)
FNDA:0,(anonymous_3)
FNDA:0,(anonymous_4)
FNDA:0,(anonymous_5)
FNDA:0,(anonymous_6)
FNDA:0,(anonymous_7)
FNDA:0,(anonymous_8)
FNDA:0,(anonymous_9)
FNDA:0,(anonymous_10)
FNDA:0,(anonymous_11)
FNDA:0,(anonymous_12)
FNDA:0,(anonymous_13)
FNDA:0,createScheduleEngine
FNDA:0,createScheduleEngineWithConfig
DA:27,0
DA:34,0
DA:36,0
DA:57,0
DA:58,0
DA:62,0
DA:64,0
DA:65,0
DA:66,0
DA:67,0
DA:68,0
DA:69,0
DA:74,0
DA:81,0
DA:91,0
DA:93,0
DA:94,0
DA:98,0
DA:100,0
DA:101,0
DA:102,0
DA:103,0
DA:107,0
DA:114,0
DA:121,0
DA:134,0
DA:136,0
DA:138,0
DA:142,0
DA:152,0
DA:162,0
DA:163,0
DA:164,0
DA:166,0
DA:167,0
DA:170,0
DA:171,0
DA:174,0
DA:175,0
DA:178,0
DA:179,0
DA:182,0
DA:197,0
DA:199,0
DA:200,0
DA:201,0
DA:202,0
DA:203,0
DA:204,0
DA:205,0
DA:206,0
DA:208,0
DA:215,0
DA:227,0
DA:236,0
LF:55
LH:0
BRDA:38,0,0,0
BRDA:38,0,1,0
BRDA:39,1,0,0
BRDA:39,1,1,0
BRDA:57,2,0,0
BRDA:57,3,0,0
BRDA:57,3,1,0
BRDA:58,4,0,0
BRDA:58,4,1,0
BRDA:62,5,0,0
BRDA:62,5,1,0
BRDA:66,6,0,0
BRDA:68,7,0,0
BRDA:91,8,0,0
BRDA:102,9,0,0
BRDA:134,10,0,0
BRDA:138,11,0,0
BRDA:138,11,1,0
BRDA:160,12,0,0
BRDA:166,13,0,0
BRDA:166,14,0,0
BRDA:166,14,1,0
BRDA:170,15,0,0
BRDA:174,16,0,0
BRDA:174,17,0,0
BRDA:174,17,1,0
BRDA:178,18,0,0
BRDA:178,19,0,0
BRDA:178,19,1,0
BRDA:178,20,0,0
BRDA:178,20,1,0
BRF:31
BRH:0
end_of_record
TN:
SF:src\models\schedule\scheduleValidation.util.ts
FN:23,(anonymous_0)
FN:47,(anonymous_1)
FN:50,(anonymous_2)
FN:58,(anonymous_3)
FN:61,(anonymous_4)
FN:74,(anonymous_5)
FN:87,(anonymous_6)
FN:88,(anonymous_7)
FN:94,(anonymous_8)
FN:98,(anonymous_9)
FN:104,(anonymous_10)
FN:105,(anonymous_11)
FN:111,(anonymous_12)
FN:118,(anonymous_13)
FN:119,(anonymous_14)
FN:120,(anonymous_15)
FN:135,validateScheduleRequest
FN:145,getDefaultCalculationOptions
FN:149,isValidationSuccessful
FNF:19
FNH:0
FNDA:0,(anonymous_0)
FNDA:0,(anonymous_1)
FNDA:0,(anonymous_2)
FNDA:0,(anonymous_3)
FNDA:0,(anonymous_4)
FNDA:0,(anonymous_5)
FNDA:0,(anonymous_6)
FNDA:0,(anonymous_7)
FNDA:0,(anonymous_8)
FNDA:0,(anonymous_9)
FNDA:0,(anonymous_10)
FNDA:0,(anonymous_11)
FNDA:0,(anonymous_12)
FNDA:0,(anonymous_13)
FNDA:0,(anonymous_14)
FNDA:0,(anonymous_15)
FNDA:0,validateScheduleRequest
FNDA:0,getDefaultCalculationOptions
FNDA:0,isValidationSuccessful
DA:26,0
DA:28,0
DA:29,0
DA:37,0
DA:38,0
DA:47,0
DA:48,0
DA:49,0
DA:50,0
DA:58,0
DA:59,0
DA:60,0
DA:61,0
DA:68,0
DA:75,0
DA:88,0
DA:98,0
DA:105,0
DA:118,0
DA:119,0
DA:120,0
DA:122,0
DA:139,0
DA:140,0
DA:142,0
DA:146,0
DA:150,0
LF:27
LH:0
BRDA:28,0,0,0
BRDA:37,1,0,0
BRF:2
BRH:0
end_of_record
TN:
SF:src\models\schedule\task.model.ts
FN:14,(anonymous_0)
FN:21,(anonymous_1)
FN:28,(anonymous_2)
FN:35,(anonymous_3)
FN:42,(anonymous_4)
FN:49,(anonymous_5)
FN:56,(anonymous_6)
FN:64,(anonymous_7)
FN:72,(anonymous_8)
FN:79,(anonymous_9)
FN:86,(anonymous_10)
FN:94,validateTask
FN:150,isValidISODate
FN:158,createTask
FN:161,(anonymous_14)
FN:164,(anonymous_15)
FNF:16
FNH:0
FNDA:0,(anonymous_0)
FNDA:0,(anonymous_1)
FNDA:0,(anonymous_2)
FNDA:0,(anonymous_3)
FNDA:0,(anonymous_4)
FNDA:0,(anonymous_5)
FNDA:0,(anonymous_6)
FNDA:0,(anonymous_7)
FNDA:0,(anonymous_8)
FNDA:0,(anonymous_9)
FNDA:0,(anonymous_10)
FNDA:0,validateTask
FNDA:0,isValidISODate
FNDA:0,createTask
FNDA:0,(anonymous_14)
FNDA:0,(anonymous_15)
DA:14,0
DA:22,0
DA:29,0
DA:36,0
DA:43,0
DA:50,0
DA:57,0
DA:58,0
DA:66,0
DA:73,0
DA:80,0
DA:87,0
DA:95,0
DA:98,0
DA:99,0
DA:107,0
DA:108,0
DA:116,0
DA:117,0
DA:126,0
DA:127,0
DA:135,0
DA:136,0
DA:144,0
DA:151,0
DA:152,0
DA:159,0
DA:160,0
DA:161,0
DA:163,0
DA:164,0
DA:165,0
DA:167,0
LF:33
LH:0
BRDA:57,0,0,0
BRDA:66,1,0,0
BRDA:66,1,1,0
BRDA:73,2,0,0
BRDA:73,2,1,0
BRDA:80,3,0,0
BRDA:80,3,1,0
BRDA:98,4,0,0
BRDA:107,5,0,0
BRDA:116,6,0,0
BRDA:126,7,0,0
BRDA:126,8,0,0
BRDA:126,8,1,0
BRDA:135,9,0,0
BRDA:135,10,0,0
BRDA:135,10,1,0
BRDA:152,11,0,0
BRDA:152,11,1,0
BRDA:163,12,0,0
BRF:19
BRH:0
end_of_record
TN:
SF:src\models\schedule\wbs.model.clean.ts
FN:16,(anonymous_0)
FN:27,(anonymous_1)
FN:46,(anonymous_2)
FN:53,(anonymous_3)
FN:58,(anonymous_4)
FN:59,(anonymous_5)
FN:65,(anonymous_6)
FN:80,(anonymous_7)
FN:89,(anonymous_8)
FN:104,(anonymous_9)
FN:114,(anonymous_10)
FN:125,(anonymous_11)
FN:127,(anonymous_12)
FN:134,(anonymous_13)
FN:136,(anonymous_14)
FN:143,(anonymous_15)
FN:145,(anonymous_16)
FN:152,(anonymous_17)
FN:159,(anonymous_18)
FN:174,(anonymous_19)
FN:191,(anonymous_20)
FN:194,(anonymous_21)
FN:202,createWBSManager
FNF:23
FNH:0
FNDA:0,(anonymous_0)
FNDA:0,(anonymous_1)
FNDA:0,(anonymous_2)
FNDA:0,(anonymous_3)
FNDA:0,(anonymous_4)
FNDA:0,(anonymous_5)
FNDA:0,(anonymous_6)
FNDA:0,(anonymous_7)
FNDA:0,(anonymous_8)
FNDA:0,(anonymous_9)
FNDA:0,(anonymous_10)
FNDA:0,(anonymous_11)
FNDA:0,(anonymous_12)
FNDA:0,(anonymous_13)
FNDA:0,(anonymous_14)
FNDA:0,(anonymous_15)
FNDA:0,(anonymous_16)
FNDA:0,(anonymous_17)
FNDA:0,(anonymous_18)
FNDA:0,(anonymous_19)
FNDA:0,(anonymous_20)
FNDA:0,(anonymous_21)
FNDA:0,createWBSManager
DA:17,0
DA:28,0
DA:29,0
DA:32,0
DA:33,0
DA:34,0
DA:35,0
DA:36,0
DA:37,0
DA:47,0
DA:54,0
DA:55,0
DA:57,0
DA:58,0
DA:59,0
DA:66,0
DA:67,0
DA:69,0
DA:70,0
DA:71,0
DA:74,0
DA:81,0
DA:82,0
DA:83,0
DA:90,0
DA:91,0
DA:93,0
DA:94,0
DA:95,0
DA:98,0
DA:105,0
DA:115,0
DA:116,0
DA:118,0
DA:119,0
DA:126,0
DA:127,0
DA:135,0
DA:136,0
DA:144,0
DA:145,0
DA:153,0
DA:160,0
DA:161,0
DA:164,0
DA:165,0
DA:166,0
DA:170,0
DA:171,0
DA:172,0
DA:173,0
DA:174,0
DA:180,0
DA:183,0
DA:185,0
DA:192,0
DA:194,0
DA:203,0
LF:58
LH:0
BRDA:32,0,0,0
BRDA:34,1,0,0
BRDA:35,2,0,0
BRDA:35,2,1,0
BRDA:36,3,0,0
BRDA:55,4,0,0
BRDA:82,5,0,0
BRDA:116,6,0,0
BRDA:118,7,0,0
BRDA:118,7,1,0
BRDA:161,8,0,0
BRDA:170,9,0,0
BRDA:172,10,0,0
BRF:13
BRH:0
end_of_record
TN:
SF:src\models\schedule\wbs.model.ts
FN:16,(anonymous_0)
FN:27,(anonymous_1)
FN:46,(anonymous_2)
FN:53,(anonymous_3)
FN:58,(anonymous_4)
FN:59,(anonymous_5)
FN:65,(anonymous_6)
FN:80,(anonymous_7)
FN:89,(anonymous_8)
FN:104,(anonymous_9)
FN:114,(anonymous_10)
FN:125,(anonymous_11)
FN:127,(anonymous_12)
FN:134,(anonymous_13)
FN:136,(anonymous_14)
FN:143,(anonymous_15)
FN:145,(anonymous_16)
FN:152,(anonymous_17)
FN:159,(anonymous_18)
FN:174,(anonymous_19)
FN:191,(anonymous_20)
FN:194,(anonymous_21)
FN:202,createWBSManager
FNF:23
FNH:0
FNDA:0,(anonymous_0)
FNDA:0,(anonymous_1)
FNDA:0,(anonymous_2)
FNDA:0,(anonymous_3)
FNDA:0,(anonymous_4)
FNDA:0,(anonymous_5)
FNDA:0,(anonymous_6)
FNDA:0,(anonymous_7)
FNDA:0,(anonymous_8)
FNDA:0,(anonymous_9)
FNDA:0,(anonymous_10)
FNDA:0,(anonymous_11)
FNDA:0,(anonymous_12)
FNDA:0,(anonymous_13)
FNDA:0,(anonymous_14)
FNDA:0,(anonymous_15)
FNDA:0,(anonymous_16)
FNDA:0,(anonymous_17)
FNDA:0,(anonymous_18)
FNDA:0,(anonymous_19)
FNDA:0,(anonymous_20)
FNDA:0,(anonymous_21)
FNDA:0,createWBSManager
DA:17,0
DA:28,0
DA:29,0
DA:32,0
DA:33,0
DA:34,0
DA:35,0
DA:36,0
DA:37,0
DA:47,0
DA:54,0
DA:55,0
DA:57,0
DA:58,0
DA:59,0
DA:66,0
DA:67,0
DA:69,0
DA:70,0
DA:71,0
DA:74,0
DA:81,0
DA:82,0
DA:83,0
DA:90,0
DA:91,0
DA:93,0
DA:94,0
DA:95,0
DA:98,0
DA:105,0
DA:115,0
DA:116,0
DA:118,0
DA:119,0
DA:126,0
DA:127,0
DA:135,0
DA:136,0
DA:144,0
DA:145,0
DA:153,0
DA:160,0
DA:161,0
DA:164,0
DA:165,0
DA:166,0
DA:170,0
DA:171,0
DA:172,0
DA:173,0
DA:174,0
DA:180,0
DA:183,0
DA:185,0
DA:192,0
DA:194,0
DA:203,0
LF:58
LH:0
BRDA:32,0,0,0
BRDA:34,1,0,0
BRDA:35,2,0,0
BRDA:35,2,1,0
BRDA:36,3,0,0
BRDA:55,4,0,0
BRDA:82,5,0,0
BRDA:116,6,0,0
BRDA:118,7,0,0
BRDA:118,7,1,0
BRDA:161,8,0,0
BRDA:170,9,0,0
BRDA:172,10,0,0
BRF:13
BRH:0
end_of_record
TN:
SF:src\models\schedule\wbsParsing.util.ts
FN:18,(anonymous_0)
FN:60,(anonymous_1)
FN:100,(anonymous_2)
FN:108,(anonymous_3)
FN:116,(anonymous_4)
FN:126,(anonymous_5)
FN:127,(anonymous_6)
FN:149,(anonymous_7)
FN:154,(anonymous_8)
FN:161,(anonymous_9)
FN:176,parseWBSFromTasks
FN:182,validateWBSHierarchy
FN:186,validateWBSCode
FN:190,sortWBSCodes
FNF:14
FNH:0
FNDA:0,(anonymous_0)
FNDA:0,(anonymous_1)
FNDA:0,(anonymous_2)
FNDA:0,(anonymous_3)
FNDA:0,(anonymous_4)
FNDA:0,(anonymous_5)
FNDA:0,(anonymous_6)
FNDA:0,(anonymous_7)
FNDA:0,(anonymous_8)
FNDA:0,(anonymous_9)
FNDA:0,parseWBSFromTasks
FNDA:0,validateWBSHierarchy
FNDA:0,validateWBSCode
FNDA:0,sortWBSCodes
DA:21,0
DA:22,0
DA:25,0
DA:26,0
DA:28,0
DA:29,0
DA:30,0
DA:33,0
DA:34,0
DA:36,0
DA:45,0
DA:49,0
DA:50,0
DA:51,0
DA:54,0
DA:61,0
DA:62,0
DA:64,0
DA:65,0
DA:67,0
DA:68,0
DA:72,0
DA:73,0
DA:74,0
DA:80,0
DA:81,0
DA:82,0
DA:83,0
DA:89,0
DA:101,0
DA:102,0
DA:109,0
DA:110,0
DA:117,0
DA:118,0
DA:119,0
DA:120,0
DA:127,0
DA:128,0
DA:129,0
DA:131,0
DA:133,0
DA:134,0
DA:135,0
DA:137,0
DA:138,0
DA:142,0
DA:153,0
DA:154,0
DA:162,0
DA:163,0
DA:165,0
DA:166,0
DA:169,0
DA:179,0
DA:183,0
DA:187,0
DA:191,0
LF:58
LH:0
BRDA:26,0,0,0
BRDA:28,1,0,0
BRDA:67,2,0,0
BRDA:67,3,0,0
BRDA:67,3,1,0
BRDA:73,4,0,0
BRDA:80,5,0,0
BRDA:82,6,0,0
BRDA:109,7,0,0
BRDA:117,8,0,0
BRDA:119,9,0,0
BRDA:134,10,0,0
BRDA:134,10,1,0
BRDA:135,11,0,0
BRDA:135,11,1,0
BRDA:137,12,0,0
BRDA:154,13,0,0
BRDA:154,13,1,0
BRF:18
BRH:0
end_of_record
TN:
SF:src\models\schedule\workingDays.util.clean.ts
FN:32,(anonymous_0)
FN:37,(anonymous_1)
FN:60,(anonymous_2)
FN:77,(anonymous_3)
FN:94,(anonymous_4)
FN:114,(anonymous_5)
FN:122,(anonymous_6)
FN:130,(anonymous_7)
FN:137,(anonymous_8)
FN:144,(anonymous_9)
FN:152,(anonymous_10)
FN:159,(anonymous_11)
FN:171,calculateWorkingDays
FN:179,addWorkingDays
FN:187,createWorkingDaysCalculator
FN:197,isWorkingDay
FN:208,createUSWorkingDaysCalculator
FNF:17
FNH:0
FNDA:0,(anonymous_0)
FNDA:0,(anonymous_1)
FNDA:0,(anonymous_2)
FNDA:0,(anonymous_3)
FNDA:0,(anonymous_4)
FNDA:0,(anonymous_5)
FNDA:0,(anonymous_6)
FNDA:0,(anonymous_7)
FNDA:0,(anonymous_8)
FNDA:0,(anonymous_9)
FNDA:0,(anonymous_10)
FNDA:0,(anonymous_11)
FNDA:0,calculateWorkingDays
FNDA:0,addWorkingDays
FNDA:0,createWorkingDaysCalculator
FNDA:0,isWorkingDay
FNDA:0,createUSWorkingDaysCalculator
DA:22,0
DA:32,0
DA:38,0
DA:39,0
DA:40,0
DA:42,0
DA:43,0
DA:46,0
DA:47,0
DA:48,0
DA:49,0
DA:51,0
DA:54,0
DA:61,0
DA:62,0
DA:64,0
DA:65,0
DA:66,0
DA:67,0
DA:71,0
DA:78,0
DA:79,0
DA:81,0
DA:82,0
DA:83,0
DA:84,0
DA:88,0
DA:95,0
DA:96,0
DA:99,0
DA:100,0
DA:104,0
DA:105,0
DA:108,0
DA:115,0
DA:116,0
DA:123,0
DA:124,0
DA:131,0
DA:138,0
DA:145,0
DA:146,0
DA:153,0
DA:160,0
DA:172,0
DA:173,0
DA:180,0
DA:181,0
DA:190,0
DA:191,0
DA:201,0
DA:202,0
DA:211,0
DA:212,0
DA:214,0
LF:55
LH:0
BRDA:32,0,0,0
BRDA:42,1,0,0
BRDA:48,2,0,0
BRDA:66,3,0,0
BRDA:83,4,0,0
BRDA:99,5,0,0
BRDA:104,6,0,0
BRDA:211,7,0,0
BRDA:211,7,1,0
BRF:9
BRH:0
end_of_record
TN:
SF:src\routes\tasks-simple.ts
FN:48,(anonymous_0)
FN:52,(anonymous_1)
FN:53,(anonymous_2)
FN:55,(anonymous_3)
FN:56,(anonymous_4)
FN:57,(anonymous_5)
FN:68,(anonymous_6)
FN:77,(anonymous_7)
FN:83,(anonymous_8)
FN:94,(anonymous_9)
FN:97,(anonymous_10)
FN:111,(anonymous_11)
FNF:12
FNH:0
FNDA:0,(anonymous_0)
FNDA:0,(anonymous_1)
FNDA:0,(anonymous_2)
FNDA:0,(anonymous_3)
FNDA:0,(anonymous_4)
FNDA:0,(anonymous_5)
FNDA:0,(anonymous_6)
FNDA:0,(anonymous_7)
FNDA:0,(anonymous_8)
FNDA:0,(anonymous_9)
FNDA:0,(anonymous_10)
FNDA:0,(anonymous_11)
DA:4,0
DA:17,0
DA:48,0
DA:49,0
DA:50,0
DA:52,0
DA:53,0
DA:55,0
DA:56,0
DA:57,0
DA:61,0
DA:63,0
DA:68,0
DA:69,0
DA:70,0
DA:72,0
DA:74,0
DA:75,0
DA:76,0
DA:77,0
DA:81,0
DA:82,0
DA:83,0
DA:87,0
DA:89,0
DA:94,0
DA:95,0
DA:96,0
DA:97,0
DA:99,0
DA:100,0
DA:101,0
DA:104,0
DA:106,0
DA:111,0
DA:112,0
DA:113,0
DA:115,0
DA:116,0
DA:117,0
DA:120,0
DA:129,0
DA:130,0
DA:133,0
DA:134,0
DA:137,0
DA:138,0
DA:140,0
LF:48
LH:0
BRDA:74,0,0,0
BRDA:81,1,0,0
BRDA:81,2,0,0
BRDA:81,2,1,0
BRDA:99,3,0,0
BRDA:113,4,0,0
BRDA:115,5,0,0
BRDA:115,6,0,0
BRDA:115,6,1,0
BRDA:115,6,2,0
BRDA:129,7,0,0
BRDA:133,8,0,0
BRF:12
BRH:0
end_of_record
TN:
SF:src\routes\tasks.clean.ts
FN:18,(anonymous_0)
FN:31,(anonymous_1)
FN:53,(anonymous_2)
FN:73,(anonymous_3)
FN:95,(anonymous_4)
FN:124,(anonymous_5)
FNF:6
FNH:0
FNDA:0,(anonymous_0)
FNDA:0,(anonymous_1)
FNDA:0,(anonymous_2)
FNDA:0,(anonymous_3)
FNDA:0,(anonymous_4)
FNDA:0,(anonymous_5)
DA:13,0
DA:18,0
DA:19,0
DA:20,0
DA:21,0
DA:23,0
DA:24,0
DA:31,0
DA:32,0
DA:33,0
DA:35,0
DA:42,0
DA:43,0
DA:45,0
DA:46,0
DA:53,0
DA:54,0
DA:55,0
DA:56,0
DA:58,0
DA:59,0
DA:60,0
DA:63,0
DA:65,0
DA:66,0
DA:73,0
DA:74,0
DA:75,0
DA:78,0
DA:79,0
DA:80,0
DA:81,0
DA:84,0
DA:85,0
DA:87,0
DA:88,0
DA:95,0
DA:96,0
DA:97,0
DA:98,0
DA:101,0
DA:102,0
DA:103,0
DA:104,0
DA:107,0
DA:109,0
DA:110,0
DA:111,0
DA:114,0
DA:116,0
DA:117,0
DA:124,0
DA:125,0
DA:126,0
DA:127,0
DA:129,0
DA:130,0
DA:131,0
DA:134,0
DA:136,0
DA:137,0
LF:61
LH:0
BRDA:38,0,0,0
BRDA:38,0,1,0
BRDA:38,1,0,0
BRDA:38,1,1,0
BRDA:58,2,0,0
BRDA:79,3,0,0
BRDA:102,4,0,0
BRDA:109,5,0,0
BRDA:129,6,0,0
BRF:9
BRH:0
end_of_record
TN:
SF:src\routes\tasks.ts
FN:18,(anonymous_0)
FN:31,(anonymous_1)
FN:53,(anonymous_2)
FN:73,(anonymous_3)
FN:95,(anonymous_4)
FN:124,(anonymous_5)
FNF:6
FNH:0
FNDA:0,(anonymous_0)
FNDA:0,(anonymous_1)
FNDA:0,(anonymous_2)
FNDA:0,(anonymous_3)
FNDA:0,(anonymous_4)
FNDA:0,(anonymous_5)
DA:13,0
DA:18,0
DA:19,0
DA:20,0
DA:21,0
DA:23,0
DA:24,0
DA:31,0
DA:32,0
DA:33,0
DA:35,0
DA:42,0
DA:43,0
DA:45,0
DA:46,0
DA:53,0
DA:54,0
DA:55,0
DA:56,0
DA:58,0
DA:59,0
DA:60,0
DA:63,0
DA:65,0
DA:66,0
DA:73,0
DA:74,0
DA:75,0
DA:78,0
DA:79,0
DA:80,0
DA:81,0
DA:84,0
DA:85,0
DA:87,0
DA:88,0
DA:95,0
DA:96,0
DA:97,0
DA:98,0
DA:101,0
DA:102,0
DA:103,0
DA:104,0
DA:107,0
DA:109,0
DA:110,0
DA:111,0
DA:114,0
DA:116,0
DA:117,0
DA:124,0
DA:125,0
DA:126,0
DA:127,0
DA:129,0
DA:130,0
DA:131,0
DA:134,0
DA:136,0
DA:137,0
LF:61
LH:0
BRDA:38,0,0,0
BRDA:38,0,1,0
BRDA:38,1,0,0
BRDA:38,1,1,0
BRDA:58,2,0,0
BRDA:79,3,0,0
BRDA:102,4,0,0
BRDA:109,5,0,0
BRDA:129,6,0,0
BRF:9
BRH:0
end_of_record
TN:
SF:src\services\BackwardPassEngine.ts
FN:18,(anonymous_0)
FN:26,(anonymous_1)
FN:33,(anonymous_2)
FN:80,(anonymous_3)
FN:118,(anonymous_4)
FN:133,(anonymous_5)
FN:157,(anonymous_6)
FNF:7
FNH:0
FNDA:0,(anonymous_0)
FNDA:0,(anonymous_1)
FNDA:0,(anonymous_2)
FNDA:0,(anonymous_3)
FNDA:0,(anonymous_4)
FNDA:0,(anonymous_5)
FNDA:0,(anonymous_6)
DA:19,0
DA:20,0
DA:33,0
DA:36,0
DA:39,0
DA:46,0
DA:50,0
DA:51,0
DA:52,0
DA:54,0
DA:55,0
DA:56,0
DA:58,0
DA:59,0
DA:60,0
DA:61,0
DA:64,0
DA:65,0
DA:68,0
DA:70,0
DA:71,0
DA:85,0
DA:87,0
DA:89,0
DA:91,0
DA:94,0
DA:96,0
DA:100,0
DA:111,0
DA:123,0
DA:124,0
DA:125,0
DA:128,0
DA:132,0
DA:133,0
DA:135,0
DA:138,0
DA:139,0
DA:141,0
DA:142,0
DA:144,0
DA:162,0
DA:163,0
DA:164,0
DA:167,0
DA:168,0
DA:169,0
DA:170,0
DA:174,0
DA:183,0
DA:187,0
DA:190,0
DA:194,0
DA:199,0
DA:200,0
DA:203,0
DA:204,0
DA:205,0
DA:207,0
DA:208,0
DA:210,0
LF:61
LH:0
BRDA:30,0,0,0
BRDA:60,1,0,0
BRDA:64,2,0,0
BRDA:70,3,0,0
BRDA:74,4,0,0
BRDA:74,4,1,0
BRDA:87,5,0,0
BRDA:87,5,1,0
BRDA:89,6,0,0
BRDA:94,7,0,0
BRDA:94,7,1,0
BRDA:124,8,0,0
BRDA:128,9,0,0
BRDA:128,9,1,0
BRDA:132,10,0,0
BRDA:132,10,1,0
BRDA:135,11,0,0
BRDA:138,12,0,0
BRDA:141,13,0,0
BRDA:141,13,1,0
BRDA:162,14,0,0
BRDA:162,14,1,0
BRDA:169,15,0,0
BRDA:169,16,0,0
BRDA:169,16,1,0
BRDA:169,16,2,0
BRDA:183,17,0,0
BRDA:184,18,0,0
BRDA:184,18,1,0
BRDA:190,19,0,0
BRDA:191,20,0,0
BRDA:191,20,1,0
BRDA:199,21,0,0
BRDA:203,22,0,0
BRDA:203,22,1,0
BRDA:205,23,0,0
BRDA:207,24,0,0
BRDA:207,24,1,0
BRF:38
BRH:0
end_of_record
TN:
SF:src\services\DateUtils.ts
FN:12,(anonymous_0)
FN:20,(anonymous_1)
FN:53,(anonymous_2)
FN:68,(anonymous_3)
FN:75,(anonymous_4)
FNF:5
FNH:0
FNDA:0,(anonymous_0)
FNDA:0,(anonymous_1)
FNDA:0,(anonymous_2)
FNDA:0,(anonymous_3)
FNDA:0,(anonymous_4)
DA:13,0
DA:24,0
DA:25,0
DA:29,0
DA:30,0
DA:31,0
DA:34,0
DA:36,0
DA:37,0
DA:40,0
DA:41,0
DA:45,0
DA:57,0
DA:58,0
DA:62,0
DA:69,0
DA:76,0
DA:77,0
LF:18
LH:0
BRDA:24,0,0,0
BRDA:30,1,0,0
BRDA:40,2,0,0
BRDA:57,3,0,0
BRDA:77,4,0,0
BRDA:77,4,1,0
BRF:6
BRH:0
end_of_record
TN:
SF:src\services\FloatCalculator.ts
FN:14,(anonymous_0)
FN:21,(anonymous_1)
FN:29,(anonymous_2)
FN:59,(anonymous_3)
FN:93,(anonymous_4)
FNF:5
FNH:0
FNDA:0,(anonymous_0)
FNDA:0,(anonymous_1)
FNDA:0,(anonymous_2)
FNDA:0,(anonymous_3)
FNDA:0,(anonymous_4)
DA:15,0
DA:29,0
DA:31,0
DA:32,0
DA:38,0
DA:42,0
DA:48,0
DA:52,0
DA:64,0
DA:66,0
DA:68,0
DA:71,0
DA:73,0
DA:74,0
DA:75,0
DA:76,0
DA:79,0
DA:84,0
DA:87,0
DA:98,0
DA:99,0
DA:102,0
DA:104,0
DA:106,0
DA:110,0
DA:117,0
DA:121,0
DA:128,0
DA:132,0
DA:139,0
DA:143,0
DA:150,0
LF:32
LH:0
BRDA:32,0,0,0
BRDA:33,1,0,0
BRDA:33,1,1,0
BRDA:33,1,2,0
BRDA:33,1,3,0
BRDA:64,2,0,0
BRDA:64,2,1,0
BRDA:66,3,0,0
BRDA:68,4,0,0
BRDA:68,4,1,0
BRDA:75,5,0,0
BRDA:75,6,0,0
BRDA:75,6,1,0
BRDA:87,7,0,0
BRDA:87,7,1,0
BRDA:98,8,0,0
BRDA:98,9,0,0
BRDA:98,9,1,0
BRDA:102,10,0,0
BRDA:102,10,1,0
BRDA:104,11,0,0
BRDA:104,11,1,0
BRDA:104,11,2,0
BRDA:104,11,3,0
BRDA:104,11,4,0
BRF:25
BRH:0
end_of_record
TN:
SF:src\services\GraphUtils.ts
FN:14,(anonymous_0)
FN:23,(anonymous_1)
FN:59,(anonymous_2)
FN:80,(anonymous_3)
FNF:4
FNH:0
FNDA:0,(anonymous_0)
FNDA:0,(anonymous_1)
FNDA:0,(anonymous_2)
FNDA:0,(anonymous_3)
DA:19,0
DA:20,0
DA:21,0
DA:23,0
DA:24,0
DA:25,0
DA:26,0
DA:28,0
DA:31,0
DA:32,0
DA:35,0
DA:37,0
DA:38,0
DA:39,0
DA:42,0
DA:43,0
DA:44,0
DA:47,0
DA:48,0
DA:49,0
DA:53,0
DA:63,0
DA:64,0
DA:65,0
DA:69,0
DA:71,0
DA:83,0
DA:85,0
DA:86,0
DA:87,0
DA:89,0
DA:92,0
LF:32
LH:0
BRDA:17,0,0,0
BRDA:24,1,0,0
BRDA:25,2,0,0
BRDA:31,3,0,0
BRDA:37,4,0,0
BRDA:37,4,1,0
BRDA:48,5,0,0
BRDA:72,6,0,0
BRDA:72,6,1,0
BRDA:86,7,0,0
BRF:10
BRH:0
end_of_record
TN:
SF:src\services\calculateSchedule.ts
FN:21,(anonymous_0)
FN:33,(anonymous_1)
FN:34,(anonymous_2)
FN:54,(anonymous_3)
FN:96,(anonymous_4)
FNF:5
FNH:0
FNDA:0,(anonymous_0)
FNDA:0,(anonymous_1)
FNDA:0,(anonymous_2)
FNDA:0,(anonymous_3)
FNDA:0,(anonymous_4)
DA:21,0
DA:29,0
DA:32,0
DA:33,0
DA:36,0
DA:38,0
DA:40,0
DA:43,0
DA:44,0
DA:47,0
DA:50,0
DA:51,0
DA:52,0
DA:54,0
DA:56,0
DA:59,0
DA:60,0
DA:62,0
DA:63,0
DA:66,0
DA:70,0
DA:71,0
DA:74,0
DA:75,0
DA:76,0
DA:78,0
DA:86,0
DA:87,0
DA:90,0
DA:96,0
DA:97,0
DA:100,0
DA:102,0
DA:103,0
DA:105,0
DA:106,0
DA:108,0
DA:109,0
DA:113,0
DA:114,0
DA:117,0
LF:41
LH:0
BRDA:23,0,0,0
BRDA:26,1,0,0
BRDA:27,2,0,0
BRDA:28,3,0,0
BRDA:40,4,0,0
BRDA:43,5,0,0
BRDA:43,6,0,0
BRDA:43,6,1,0
BRDA:66,7,0,0
BRDA:67,8,0,0
BRDA:67,8,1,0
BRDA:67,8,2,0
BRDA:100,9,0,0
BRDA:100,9,1,0
BRDA:100,9,2,0
BRDA:113,10,0,0
BRDA:113,11,0,0
BRDA:113,11,1,0
BRF:18
BRH:0
end_of_record
TN:
SF:src\services\cpm-backward-pass.ts
FN:50,(anonymous_0)
FN:68,(anonymous_1)
FN:120,(anonymous_2)
FN:153,(anonymous_3)
FN:156,(anonymous_4)
FN:169,(anonymous_5)
FN:171,(anonymous_6)
FN:180,(anonymous_7)
FN:186,(anonymous_8)
FN:192,(anonymous_9)
FN:198,(anonymous_10)
FN:204,(anonymous_11)
FNF:12
FNH:0
FNDA:0,(anonymous_0)
FNDA:0,(anonymous_1)
FNDA:0,(anonymous_2)
FNDA:0,(anonymous_3)
FNDA:0,(anonymous_4)
FNDA:0,(anonymous_5)
FNDA:0,(anonymous_6)
FNDA:0,(anonymous_7)
FNDA:0,(anonymous_8)
FNDA:0,(anonymous_9)
FNDA:0,(anonymous_10)
FNDA:0,(anonymous_11)
DA:51,0
DA:52,0
DA:53,0
DA:54,0
DA:75,0
DA:76,0
DA:80,0
DA:83,0
DA:86,0
DA:94,0
DA:101,0
DA:104,0
DA:105,0
DA:107,0
DA:125,0
DA:126,0
DA:131,0
DA:132,0
DA:136,0
DA:137,0
DA:138,0
DA:145,0
DA:146,0
DA:156,0
DA:171,0
DA:173,0
DA:174,0
DA:178,0
DA:179,0
DA:181,0
DA:182,0
DA:186,0
DA:191,0
DA:193,0
DA:194,0
DA:198,0
DA:208,0
DA:210,0
DA:211,0
DA:212,0
DA:215,0
LF:41
LH:0
BRDA:72,0,0,0
BRDA:75,1,0,0
BRDA:90,2,0,0
BRDA:90,2,1,0
BRDA:125,3,0,0
BRDA:125,4,0,0
BRDA:125,4,1,0
BRDA:131,5,0,0
BRDA:131,6,0,0
BRDA:131,6,1,0
BRDA:137,7,0,0
BRDA:137,8,0,0
BRDA:137,8,1,0
BRDA:145,9,0,0
BRDA:173,10,0,0
BRDA:178,11,0,0
BRDA:181,12,0,0
BRDA:181,13,0,0
BRDA:181,13,1,0
BRDA:193,14,0,0
BRDA:193,15,0,0
BRDA:193,15,1,0
BRDA:211,16,0,0
BRDA:211,16,1,0
BRF:24
BRH:0
end_of_record
TN:
SF:src\services\cpm-backward-pass.utils.ts
FN:24,computeBackwardPass
FN:37,identifyCriticalPath
FN:49,calculateProjectFloat
FNF:3
FNH:0
FNDA:0,computeBackwardPass
FNDA:0,identifyCriticalPath
FNDA:0,calculateProjectFloat
DA:30,0
DA:31,0
DA:42,0
DA:43,0
DA:54,0
DA:55,0
LF:6
LH:0
BRDA:28,0,0,0
BRF:1
BRH:0
end_of_record
TN:
SF:src\services\cpm-constraint-calculations.ts
FN:14,calculateConstrainedDates
FNF:1
FNH:0
FNDA:0,calculateConstrainedDates
DA:21,0
DA:23,0
DA:26,0
DA:30,0
DA:34,0
DA:39,0
DA:43,0
DA:47,0
DA:52,0
DA:56,0
DA:60,0
DA:65,0
DA:69,0
DA:73,0
DA:77,0
LF:15
LH:0
BRDA:21,0,0,0
BRDA:21,0,1,0
BRDA:23,1,0,0
BRDA:23,1,1,0
BRDA:23,1,2,0
BRDA:23,1,3,0
BRDA:23,1,4,0
BRF:7
BRH:0
end_of_record
TN:
SF:src\services\cpm-date-calculator.ts
FN:20,(anonymous_0)
FN:31,(anonymous_1)
FN:51,(anonymous_2)
FNF:3
FNH:0
FNDA:0,(anonymous_0)
FNDA:0,(anonymous_1)
FNDA:0,(anonymous_2)
DA:12,0
DA:21,0
DA:32,0
DA:33,0
DA:37,0
DA:42,0
DA:52,0
DA:54,0
DA:55,0
DA:58,0
DA:62,0
LF:11
LH:0
BRDA:32,0,0,0
BRDA:55,1,0,0
BRF:2
BRH:0
end_of_record
TN:
SF:src\services\cpm-dependency-processor.ts
FN:16,(anonymous_0)
FN:26,(anonymous_1)
FN:29,(anonymous_2)
FN:50,(anonymous_3)
FN:52,(anonymous_4)
FN:65,(anonymous_5)
FN:70,(anonymous_6)
FN:107,(anonymous_7)
FNF:8
FNH:0
FNDA:0,(anonymous_0)
FNDA:0,(anonymous_1)
FNDA:0,(anonymous_2)
FNDA:0,(anonymous_3)
FNDA:0,(anonymous_4)
FNDA:0,(anonymous_5)
FNDA:0,(anonymous_6)
FNDA:0,(anonymous_7)
DA:17,0
DA:28,0
DA:29,0
DA:30,0
DA:35,0
DA:36,0
DA:51,0
DA:52,0
DA:54,0
DA:70,0
DA:72,0
DA:73,0
DA:76,0
DA:78,0
DA:79,0
DA:80,0
DA:82,0
DA:88,0
DA:92,0
DA:96,0
DA:114,0
DA:116,0
DA:117,0
DA:119,0
DA:120,0
DA:124,0
DA:125,0
DA:129,0
DA:130,0
DA:132,0
DA:136,0
DA:137,0
DA:140,0
LF:33
LH:0
BRDA:35,0,0,0
BRDA:72,1,0,0
BRDA:80,2,0,0
BRDA:85,3,0,0
BRDA:85,3,1,0
BRDA:88,4,0,0
BRDA:114,5,0,0
BRDA:114,5,1,0
BRDA:114,5,2,0
BRDA:114,5,3,0
BRDA:114,5,4,0
BRDA:136,6,0,0
BRF:12
BRH:0
end_of_record
TN:
SF:src\services\cpm-forward-pass-refactored.ts
FN:53,(anonymous_0)
FN:65,(anonymous_1)
FN:79,(anonymous_2)
FN:90,(anonymous_3)
FN:115,(anonymous_4)
FN:119,(anonymous_5)
FN:135,(anonymous_6)
FN:139,(anonymous_7)
FN:149,(anonymous_8)
FN:174,(anonymous_9)
FN:182,(anonymous_10)
FN:236,computeForwardPass
FNF:12
FNH:0
FNDA:0,(anonymous_0)
FNDA:0,(anonymous_1)
FNDA:0,(anonymous_2)
FNDA:0,(anonymous_3)
FNDA:0,(anonymous_4)
FNDA:0,(anonymous_5)
FNDA:0,(anonymous_6)
FNDA:0,(anonymous_7)
FNDA:0,(anonymous_8)
FNDA:0,(anonymous_9)
FNDA:0,(anonymous_10)
FNDA:0,computeForwardPass
DA:54,0
DA:71,0
DA:74,0
DA:75,0
DA:79,0
DA:80,0
DA:83,0
DA:86,0
DA:90,0
DA:93,0
DA:94,0
DA:95,0
DA:97,0
DA:101,0
DA:105,0
DA:119,0
DA:138,0
DA:139,0
DA:140,0
DA:141,0
DA:155,0
DA:162,0
DA:165,0
DA:179,0
DA:182,0
DA:184,0
DA:185,0
DA:186,0
DA:189,0
DA:191,0
DA:193,0
DA:197,0
DA:199,0
DA:203,0
DA:205,0
DA:209,0
DA:211,0
DA:215,0
DA:219,0
DA:220,0
DA:224,0
DA:241,0
DA:242,0
DA:245,0
LF:44
LH:0
BRDA:68,0,0,0
BRDA:70,1,0,0
BRDA:70,2,0,0
BRDA:74,3,0,0
BRDA:95,4,0,0
BRDA:140,5,0,0
BRDA:186,6,0,0
BRDA:191,7,0,0
BRDA:191,7,1,0
BRDA:191,7,2,0
BRDA:191,7,3,0
BRDA:195,8,0,0
BRDA:195,8,1,0
BRDA:201,9,0,0
BRDA:201,9,1,0
BRDA:207,10,0,0
BRDA:207,10,1,0
BRDA:213,11,0,0
BRDA:213,11,1,0
BRDA:219,12,0,0
BRF:20
BRH:0
end_of_record
TN:
SF:src\services\cpm-forward-pass.backup.ts
FN:50,(anonymous_0)
FN:62,(anonymous_1)
FN:76,(anonymous_2)
FN:87,(anonymous_3)
FN:110,(anonymous_4)
FN:113,(anonymous_5)
FN:130,(anonymous_6)
FN:135,(anonymous_7)
FN:143,(anonymous_8)
FN:147,(anonymous_9)
FN:163,(anonymous_10)
FN:169,(anonymous_11)
FN:197,(anonymous_12)
FN:224,(anonymous_13)
FN:266,(anonymous_14)
FN:278,(anonymous_15)
FN:306,computeForwardPass
FN:326,calculateProjectEndDate
FNF:18
FNH:0
FNDA:0,(anonymous_0)
FNDA:0,(anonymous_1)
FNDA:0,(anonymous_2)
FNDA:0,(anonymous_3)
FNDA:0,(anonymous_4)
FNDA:0,(anonymous_5)
FNDA:0,(anonymous_6)
FNDA:0,(anonymous_7)
FNDA:0,(anonymous_8)
FNDA:0,(anonymous_9)
FNDA:0,(anonymous_10)
FNDA:0,(anonymous_11)
FNDA:0,(anonymous_12)
FNDA:0,(anonymous_13)
FNDA:0,(anonymous_14)
FNDA:0,(anonymous_15)
FNDA:0,computeForwardPass
FNDA:0,calculateProjectEndDate
DA:21,0
DA:51,0
DA:68,0
DA:71,0
DA:72,0
DA:76,0
DA:77,0
DA:80,0
DA:83,0
DA:87,0
DA:90,0
DA:91,0
DA:92,0
DA:94,0
DA:98,0
DA:100,0
DA:112,0
DA:113,0
DA:114,0
DA:119,0
DA:120,0
DA:134,0
DA:135,0
DA:137,0
DA:147,0
DA:169,0
DA:171,0
DA:174,0
DA:178,0
DA:182,0
DA:187,0
DA:188,0
DA:201,0
DA:203,0
DA:204,0
DA:205,0
DA:207,0
DA:213,0
DA:214,0
DA:218,0
DA:231,0
DA:234,0
DA:238,0
DA:240,0
DA:241,0
DA:243,0
DA:244,0
DA:246,0
DA:247,0
DA:249,0
DA:256,0
DA:257,0
DA:260,0
DA:267,0
DA:269,0
DA:272,0
DA:279,0
DA:280,0
DA:283,0
DA:285,0
DA:286,0
DA:290,0
DA:294,0
DA:311,0
DA:312,0
DA:315,0
DA:331,0
DA:332,0
DA:335,0
LF:69
LH:0
BRDA:65,0,0,0
BRDA:67,1,0,0
BRDA:67,2,0,0
BRDA:71,3,0,0
BRDA:92,4,0,0
BRDA:119,5,0,0
BRDA:171,6,0,0
BRDA:205,7,0,0
BRDA:210,8,0,0
BRDA:210,8,1,0
BRDA:213,9,0,0
BRDA:213,10,0,0
BRDA:213,10,1,0
BRDA:231,11,0,0
BRDA:231,11,1,0
BRDA:231,11,2,0
BRDA:231,11,3,0
BRDA:231,11,4,0
BRDA:256,12,0,0
BRDA:267,13,0,0
BRDA:279,14,0,0
BRDA:286,15,0,0
BRDA:287,16,0,0
BRDA:287,16,1,0
BRF:24
BRH:0
end_of_record
TN:
SF:src\services\cpm-forward-pass.ts
FN:36,(anonymous_0)
FN:48,(anonymous_1)
FN:62,(anonymous_2)
FN:73,(anonymous_3)
FN:98,(anonymous_4)
FN:101,(anonymous_5)
FN:118,(anonymous_6)
FN:122,(anonymous_7)
FN:138,(anonymous_8)
FN:144,(anonymous_9)
FN:172,(anonymous_10)
FN:199,(anonymous_11)
FN:241,(anonymous_12)
FN:259,computeForwardPass
FN:279,calculateProjectEndDate
FNF:15
FNH:0
FNDA:0,(anonymous_0)
FNDA:0,(anonymous_1)
FNDA:0,(anonymous_2)
FNDA:0,(anonymous_3)
FNDA:0,(anonymous_4)
FNDA:0,(anonymous_5)
FNDA:0,(anonymous_6)
FNDA:0,(anonymous_7)
FNDA:0,(anonymous_8)
FNDA:0,(anonymous_9)
FNDA:0,(anonymous_10)
FNDA:0,(anonymous_11)
FNDA:0,(anonymous_12)
FNDA:0,computeForwardPass
FNDA:0,calculateProjectEndDate
DA:37,0
DA:54,0
DA:57,0
DA:58,0
DA:62,0
DA:63,0
DA:66,0
DA:69,0
DA:73,0
DA:76,0
DA:77,0
DA:78,0
DA:80,0
DA:84,0
DA:88,0
DA:100,0
DA:101,0
DA:102,0
DA:107,0
DA:108,0
DA:122,0
DA:144,0
DA:146,0
DA:149,0
DA:153,0
DA:157,0
DA:162,0
DA:163,0
DA:176,0
DA:178,0
DA:179,0
DA:180,0
DA:182,0
DA:188,0
DA:189,0
DA:193,0
DA:206,0
DA:209,0
DA:213,0
DA:215,0
DA:216,0
DA:218,0
DA:219,0
DA:221,0
DA:222,0
DA:224,0
DA:231,0
DA:232,0
DA:235,0
DA:242,0
DA:244,0
DA:247,0
DA:264,0
DA:265,0
DA:268,0
DA:284,0
DA:285,0
DA:288,0
LF:58
LH:0
BRDA:51,0,0,0
BRDA:53,1,0,0
BRDA:53,2,0,0
BRDA:57,3,0,0
BRDA:78,4,0,0
BRDA:107,5,0,0
BRDA:146,6,0,0
BRDA:180,7,0,0
BRDA:185,8,0,0
BRDA:185,8,1,0
BRDA:188,9,0,0
BRDA:188,10,0,0
BRDA:188,10,1,0
BRDA:206,11,0,0
BRDA:206,11,1,0
BRDA:206,11,2,0
BRDA:206,11,3,0
BRDA:206,11,4,0
BRDA:231,12,0,0
BRDA:242,13,0,0
BRF:20
BRH:0
end_of_record
TN:
SF:src\services\cpm-forward-pass.utils.ts
FN:35,calculateConstraintDate
FN:75,findLatestConstraintDate
FN:82,(anonymous_2)
FN:113,includeOrphanTasks
FN:118,(anonymous_4)
FN:125,calculateProjectEndDate
FN:130,(anonymous_6)
FNF:7
FNH:0
FNDA:0,calculateConstraintDate
FNDA:0,findLatestConstraintDate
FNDA:0,(anonymous_2)
FNDA:0,includeOrphanTasks
FNDA:0,(anonymous_4)
FNDA:0,calculateProjectEndDate
FNDA:0,(anonymous_6)
DA:12,0
DA:41,0
DA:43,0
DA:45,0
DA:50,0
DA:58,0
DA:63,0
DA:68,0
DA:82,0
DA:84,0
DA:85,0
DA:88,0
DA:90,0
DA:91,0
DA:92,0
DA:94,0
DA:101,0
DA:102,0
DA:103,0
DA:107,0
DA:117,0
DA:118,0
DA:119,0
DA:126,0
DA:127,0
DA:130,0
DA:131,0
DA:132,0
DA:135,0
LF:29
LH:0
BRDA:43,0,0,0
BRDA:43,0,1,0
BRDA:43,0,2,0
BRDA:43,0,3,0
BRDA:43,0,4,0
BRDA:84,1,0,0
BRDA:92,2,0,0
BRDA:97,3,0,0
BRDA:97,3,1,0
BRDA:102,4,0,0
BRDA:126,5,0,0
BRDA:132,6,0,0
BRDA:132,6,1,0
BRF:13
BRH:0
end_of_record
TN:
SF:src\services\mapToModel.ts
FN:7,(anonymous_0)
FN:25,(anonymous_1)
FN:58,(anonymous_2)
FN:71,(anonymous_3)
FNF:4
FNH:0
FNDA:0,(anonymous_0)
FNDA:0,(anonymous_1)
FNDA:0,(anonymous_2)
FNDA:0,(anonymous_3)
DA:7,0
DA:8,0
DA:10,0
DA:25,0
DA:28,0
DA:32,0
DA:33,0
DA:36,0
DA:37,0
DA:40,0
DA:41,0
DA:44,0
DA:45,0
DA:48,0
DA:49,0
DA:52,0
DA:58,0
DA:59,0
DA:71,0
DA:72,0
LF:20
LH:0
BRDA:15,0,0,0
BRDA:15,0,1,0
BRDA:16,1,0,0
BRDA:16,1,1,0
BRDA:32,2,0,0
BRDA:36,3,0,0
BRDA:40,4,0,0
BRDA:44,5,0,0
BRDA:48,6,0,0
BRF:9
BRH:0
end_of_record
TN:
SF:src\services\task.service.ts
FN:77,(anonymous_0)
FN:79,(anonymous_1)
FN:82,(anonymous_2)
FN:97,(anonymous_3)
FN:106,(anonymous_4)
FN:112,(anonymous_5)
FN:119,(anonymous_6)
FN:126,(anonymous_7)
FN:133,(anonymous_8)
FN:134,(anonymous_9)
FN:140,(anonymous_10)
FN:159,(anonymous_11)
FN:160,(anonymous_12)
FN:182,(anonymous_13)
FN:183,(anonymous_14)
FN:196,(anonymous_15)
FNF:16
FNH:0
FNDA:0,(anonymous_0)
FNDA:0,(anonymous_1)
FNDA:0,(anonymous_2)
FNDA:0,(anonymous_3)
FNDA:0,(anonymous_4)
FNDA:0,(anonymous_5)
FNDA:0,(anonymous_6)
FNDA:0,(anonymous_7)
FNDA:0,(anonymous_8)
FNDA:0,(anonymous_9)
FNDA:0,(anonymous_10)
FNDA:0,(anonymous_11)
FNDA:0,(anonymous_12)
FNDA:0,(anonymous_13)
FNDA:0,(anonymous_14)
FNDA:0,(anonymous_15)
DA:37,0
DA:78,0
DA:79,0
DA:80,0
DA:81,0
DA:82,0
DA:85,0
DA:102,0
DA:104,0
DA:105,0
DA:106,0
DA:110,0
DA:111,0
DA:112,0
DA:116,0
DA:117,0
DA:118,0
DA:120,0
DA:125,0
DA:126,0
DA:134,0
DA:141,0
DA:152,0
DA:153,0
DA:160,0
DA:162,0
DA:163,0
DA:166,0
DA:175,0
DA:176,0
DA:183,0
DA:185,0
DA:186,0
DA:189,0
DA:190,0
DA:197,0
DA:199,0
DA:200,0
DA:203,0
DA:204,0
DA:207,0
DA:208,0
DA:211,0
DA:212,0
DA:215,0
DA:216,0
DA:217,0
DA:218,0
DA:222,0
LF:49
LH:0
BRDA:90,0,0,0
BRDA:90,0,1,0
BRDA:104,1,0,0
BRDA:110,2,0,0
BRDA:116,3,0,0
BRDA:120,4,0,0
BRDA:120,4,1,0
BRDA:134,5,0,0
BRDA:134,5,1,0
BRDA:146,6,0,0
BRDA:146,6,1,0
BRDA:147,7,0,0
BRDA:147,7,1,0
BRDA:162,8,0,0
BRDA:169,9,0,0
BRDA:169,9,1,0
BRDA:185,10,0,0
BRDA:199,11,0,0
BRDA:199,12,0,0
BRDA:199,12,1,0
BRDA:199,12,2,0
BRDA:203,13,0,0
BRDA:203,14,0,0
BRDA:203,14,1,0
BRDA:203,14,2,0
BRDA:207,15,0,0
BRDA:207,16,0,0
BRDA:207,16,1,0
BRDA:211,17,0,0
BRDA:211,18,0,0
BRDA:211,18,1,0
BRDA:215,19,0,0
BRDA:217,20,0,0
BRF:33
BRH:0
end_of_record
TN:
SF:src\services\validateInput.ts
FN:16,(anonymous_0)
FN:90,(anonymous_1)
FN:163,(anonymous_2)
FNF:3
FNH:0
FNDA:0,(anonymous_0)
FNDA:0,(anonymous_1)
FNDA:0,(anonymous_2)
DA:16,0
DA:19,0
DA:22,0
DA:23,0
DA:27,0
DA:28,0
DA:32,0
DA:33,0
DA:40,0
DA:41,0
DA:42,0
DA:46,0
DA:47,0
DA:55,0
DA:56,0
DA:57,0
DA:58,0
DA:66,0
DA:67,0
DA:68,0
DA:69,0
DA:73,0
DA:74,0
DA:81,0
DA:90,0
DA:93,0
DA:96,0
DA:97,0
DA:98,0
DA:99,0
DA:100,0
DA:104,0
DA:105,0
DA:113,0
DA:114,0
DA:115,0
DA:119,0
DA:120,0
DA:128,0
DA:129,0
DA:133,0
DA:134,0
DA:135,0
DA:136,0
DA:144,0
DA:145,0
DA:146,0
DA:147,0
DA:154,0
DA:163,0
DA:164,0
DA:166,0
DA:167,0
DA:171,0
DA:172,0
DA:175,0
LF:56
LH:0
BRDA:22,0,0,0
BRDA:22,0,1,0
BRDA:22,1,0,0
BRDA:22,1,1,0
BRDA:27,2,0,0
BRDA:27,2,1,0
BRDA:32,3,0,0
BRDA:40,4,0,0
BRDA:41,5,0,0
BRDA:41,5,1,0
BRDA:46,6,0,0
BRDA:55,7,0,0
BRDA:57,8,0,0
BRDA:66,9,0,0
BRDA:68,10,0,0
BRDA:68,10,1,0
BRDA:73,11,0,0
BRDA:96,12,0,0
BRDA:97,13,0,0
BRDA:97,13,1,0
BRDA:99,14,0,0
BRDA:99,14,1,0
BRDA:104,15,0,0
BRDA:113,16,0,0
BRDA:114,17,0,0
BRDA:114,17,1,0
BRDA:119,18,0,0
BRDA:128,19,0,0
BRDA:128,20,0,0
BRDA:128,20,1,0
BRDA:133,21,0,0
BRDA:135,22,0,0
BRDA:144,23,0,0
BRDA:146,24,0,0
BRDA:166,25,0,0
BRDA:166,25,1,0
BRDA:166,26,0,0
BRDA:166,26,1,0
BRDA:171,27,0,0
BRF:39
BRH:0
end_of_record
TN:
SF:src\services\module5.4\CriticalPathAnalyzer.ts
FN:85,(anonymous_0)
FN:101,(anonymous_1)
FN:102,(anonymous_2)
FN:111,(anonymous_3)
FN:143,(anonymous_4)
FN:148,(anonymous_5)
FN:150,(anonymous_6)
FN:151,(anonymous_7)
FN:155,(anonymous_8)
FN:157,(anonymous_9)
FN:158,(anonymous_10)
FN:168,(anonymous_11)
FN:205,(anonymous_12)
FN:213,(anonymous_13)
FN:214,(anonymous_14)
FN:244,(anonymous_15)
FN:256,(anonymous_16)
FN:279,(anonymous_17)
FN:329,(anonymous_18)
FN:367,(anonymous_19)
FNF:20
FNH:20
FNDA:40,(anonymous_0)
FNDA:8,(anonymous_1)
FNDA:11,(anonymous_2)
FNDA:4,(anonymous_3)
FNDA:3,(anonymous_4)
FNDA:6,(anonymous_5)
FNDA:4,(anonymous_6)
FNDA:5,(anonymous_7)
FNDA:6,(anonymous_8)
FNDA:4,(anonymous_9)
FNDA:7,(anonymous_10)
FNDA:3,(anonymous_11)
FNDA:2,(anonymous_12)
FNDA:4,(anonymous_13)
FNDA:6,(anonymous_14)
FNDA:3,(anonymous_15)
FNDA:2,(anonymous_16)
FNDA:1,(anonymous_17)
FNDA:2,(anonymous_18)
FNDA:11,(anonymous_19)
DA:55,1
DA:58,1
DA:59,1
DA:66,1
DA:81,1
DA:86,40
DA:93,40
DA:102,11
DA:115,4
DA:117,4
DA:118,1
DA:121,3
DA:122,3
DA:128,3
DA:137,3
DA:148,3
DA:149,6
DA:150,6
DA:151,5
DA:155,3
DA:156,6
DA:157,6
DA:158,7
DA:162,3
DA:176,3
DA:184,3
DA:186,3
DA:187,2
DA:188,2
DA:189,2
DA:199,3
DA:212,2
DA:213,2
DA:214,6
DA:217,2
DA:219,2
DA:220,2
DA:224,2
DA:225,2
DA:229,2
DA:232,0
DA:236,0
DA:245,3
DA:246,3
DA:247,3
DA:260,2
DA:261,0
DA:262,0
DA:265,2
DA:283,1
DA:284,1
DA:286,1
DA:287,0
DA:288,0
DA:291,1
DA:292,0
DA:293,0
DA:297,1
DA:302,1
DA:303,0
DA:307,1
DA:308,0
DA:312,1
DA:313,0
DA:316,1
DA:333,2
DA:334,2
DA:336,2
DA:337,2
DA:339,2
DA:341,2
DA:368,11
LF:72
LH:61
BRDA:117,0,0,1
BRDA:149,1,0,6
BRDA:149,1,1,2
BRDA:156,2,0,6
BRDA:156,2,1,2
BRDA:217,3,0,0
BRDA:219,4,0,2
BRDA:219,4,1,0
BRDA:224,5,0,2
BRDA:260,6,0,0
BRDA:262,7,0,0
BRDA:262,7,1,0
BRDA:286,8,0,0
BRDA:291,9,0,0
BRDA:302,10,0,0
BRDA:307,11,0,0
BRDA:312,12,0,0
BRDA:344,13,0,2
BRDA:344,13,1,1
BRDA:346,14,0,2
BRDA:346,14,1,1
BRDA:368,15,0,11
BRDA:368,15,1,10
BRF:23
BRH:13
end_of_record
TN:
SF:src\services\module5.4\CriticalPathHelpers.ts
FN:26,(anonymous_0)
FN:28,(anonymous_1)
FN:28,(anonymous_2)
FN:32,(anonymous_3)
FN:57,(anonymous_4)
FN:77,(anonymous_5)
FN:80,(anonymous_6)
FN:90,(anonymous_7)
FN:93,(anonymous_8)
FN:103,(anonymous_9)
FN:106,(anonymous_10)
FN:116,(anonymous_11)
FN:123,(anonymous_12)
FN:124,(anonymous_13)
FN:136,(anonymous_14)
FN:152,(anonymous_15)
FN:170,(anonymous_16)
FNF:17
FNH:15
FNDA:2,(anonymous_0)
FNDA:4,(anonymous_1)
FNDA:6,(anonymous_2)
FNDA:4,(anonymous_3)
FNDA:3,(anonymous_4)
FNDA:2,(anonymous_5)
FNDA:0,(anonymous_6)
FNDA:2,(anonymous_7)
FNDA:0,(anonymous_8)
FNDA:2,(anonymous_9)
FNDA:1,(anonymous_10)
FNDA:2,(anonymous_11)
FNDA:1,(anonymous_12)
FNDA:2,(anonymous_13)
FNDA:2,(anonymous_14)
FNDA:2,(anonymous_15)
FNDA:2,(anonymous_16)
DA:19,1
DA:27,2
DA:28,6
DA:31,2
DA:32,4
DA:35,2
DA:36,2
DA:40,2
DA:58,3
DA:59,3
DA:61,3
DA:62,2
DA:63,2
DA:64,2
DA:65,2
DA:69,3
DA:78,2
DA:80,1
DA:81,0
DA:91,2
DA:93,1
DA:94,0
DA:104,2
DA:106,1
DA:107,1
DA:120,2
DA:122,1
DA:123,1
DA:124,2
DA:127,1
DA:140,2
DA:142,2
DA:143,2
DA:144,2
DA:145,2
DA:153,2
DA:171,2
LF:37
LH:35
BRDA:63,0,0,2
BRDA:78,1,0,1
BRDA:81,2,0,0
BRDA:81,2,1,0
BRDA:91,3,0,1
BRDA:94,4,0,0
BRDA:94,4,1,0
BRDA:104,5,0,1
BRDA:120,6,0,1
BRDA:120,7,0,2
BRDA:120,7,1,1
BRDA:142,8,0,0
BRDA:143,9,0,0
BRDA:144,10,0,0
BRF:14
BRH:7
end_of_record
TN:
SF:src\services\module5.4\FloatCalculator.ts
FN:96,(anonymous_0)
FN:111,(anonymous_1)
FN:144,(anonymous_2)
FN:162,(anonymous_3)
FN:169,(anonymous_4)
FN:201,(anonymous_5)
FN:214,(anonymous_6)
FN:247,(anonymous_7)
FN:260,(anonymous_8)
FN:308,(anonymous_9)
FN:338,(anonymous_10)
FN:340,(anonymous_11)
FN:341,(anonymous_12)
FN:343,(anonymous_13)
FN:347,(anonymous_14)
FN:375,(anonymous_15)
FN:394,(anonymous_16)
FN:397,(anonymous_17)
FN:399,(anonymous_18)
FNF:19
FNH:8
FNDA:40,(anonymous_0)
FNDA:13,(anonymous_1)
FNDA:6,(anonymous_2)
FNDA:0,(anonymous_3)
FNDA:0,(anonymous_4)
FNDA:1,(anonymous_5)
FNDA:3,(anonymous_6)
FNDA:3,(anonymous_7)
FNDA:9,(anonymous_8)
FNDA:0,(anonymous_9)
FNDA:0,(anonymous_10)
FNDA:0,(anonymous_11)
FNDA:0,(anonymous_12)
FNDA:0,(anonymous_13)
FNDA:0,(anonymous_14)
FNDA:3,(anonymous_15)
FNDA:0,(anonymous_16)
FNDA:0,(anonymous_17)
FNDA:0,(anonymous_18)
DA:58,1
DA:59,1
DA:92,1
DA:97,40
DA:103,40
DA:113,13
DA:114,0
DA:117,13
DA:123,0
DA:131,13
DA:134,13
DA:149,6
DA:150,0
DA:156,6
DA:157,6
DA:160,0
DA:162,0
DA:163,0
DA:164,0
DA:168,0
DA:169,0
DA:171,0
DA:174,0
DA:175,0
DA:178,0
DA:179,0
DA:183,0
DA:186,0
DA:187,0
DA:189,0
DA:205,1
DA:206,1
DA:207,1
DA:208,1
DA:209,1
DA:212,1
DA:214,1
DA:215,3
DA:223,3
DA:224,3
DA:225,3
DA:227,0
DA:228,0
DA:232,1
DA:234,1
DA:254,3
DA:256,3
DA:259,3
DA:260,3
DA:261,9
DA:265,3
DA:272,3
DA:273,0
DA:280,3
DA:294,3
DA:296,0
DA:309,0
DA:310,0
DA:313,0
DA:314,0
DA:316,0
DA:317,0
DA:319,0
DA:320,0
DA:322,0
DA:323,0
DA:326,0
DA:339,0
DA:340,0
DA:341,0
DA:343,0
DA:344,0
DA:347,0
DA:348,0
DA:351,0
DA:352,0
DA:354,0
DA:377,3
DA:378,3
DA:380,3
DA:381,3
DA:384,0
DA:385,0
DA:395,0
DA:397,0
DA:398,0
DA:399,0
LF:87
LH:38
BRDA:113,0,0,0
BRDA:113,1,0,13
BRDA:113,1,1,0
BRDA:117,2,0,0
BRDA:118,3,0,13
BRDA:118,3,1,13
BRDA:118,3,2,13
BRDA:118,3,3,13
BRDA:147,4,0,3
BRDA:149,5,0,0
BRDA:156,6,0,6
BRDA:157,7,0,6
BRDA:157,7,1,6
BRDA:163,8,0,0
BRDA:169,9,0,0
BRDA:169,9,1,0
BRDA:171,10,0,0
BRDA:171,10,1,0
BRDA:186,11,0,0
BRDA:186,11,1,0
BRDA:203,12,0,0
BRDA:223,13,0,3
BRDA:223,13,1,0
BRDA:259,14,0,3
BRDA:259,14,1,3
BRDA:272,15,0,0
BRDA:313,16,0,0
BRDA:316,17,0,0
BRDA:319,18,0,0
BRDA:322,19,0,0
BRDA:340,20,0,0
BRDA:340,20,1,0
BRDA:344,21,0,0
BRDA:344,21,1,0
BRDA:348,22,0,0
BRDA:348,22,1,0
BRDA:380,23,0,3
BRDA:395,24,0,0
BRF:38
BRH:13
end_of_record
TN:
SF:src\services\module5.4\Module54Service.ts
FN:59,(anonymous_0)
FN:84,(anonymous_1)
FN:122,(anonymous_2)
FN:147,(anonymous_3)
FN:187,(anonymous_4)
FN:200,(anonymous_5)
FN:209,(anonymous_6)
FN:210,(anonymous_7)
FN:235,(anonymous_8)
FN:274,(anonymous_9)
FN:282,(anonymous_10)
FN:296,(anonymous_11)
FN:330,(anonymous_12)
FN:337,(anonymous_13)
FN:344,(anonymous_14)
FNF:15
FNH:9
FNDA:20,(anonymous_0)
FNDA:2,(anonymous_1)
FNDA:2,(anonymous_2)
FNDA:2,(anonymous_3)
FNDA:2,(anonymous_4)
FNDA:2,(anonymous_5)
FNDA:2,(anonymous_6)
FNDA:2,(anonymous_7)
FNDA:0,(anonymous_8)
FNDA:0,(anonymous_9)
FNDA:0,(anonymous_10)
FNDA:0,(anonymous_11)
FNDA:1,(anonymous_12)
FNDA:0,(anonymous_13)
FNDA:0,(anonymous_14)
DA:34,1
DA:35,1
DA:36,1
DA:38,1
DA:44,1
DA:45,1
DA:53,1
DA:60,20
DA:67,20
DA:71,20
DA:76,20
DA:85,2
DA:87,2
DA:89,2
DA:93,2
DA:99,2
DA:100,2
DA:105,2
DA:107,2
DA:113,0
DA:114,0
DA:127,2
DA:148,2
DA:188,2
DA:201,2
DA:210,2
DA:211,2
DA:219,2
DA:224,2
DA:240,0
DA:282,0
DA:297,0
DA:331,1
DA:338,0
DA:359,0
DA:360,0
DA:364,0
DA:371,0
LF:38
LH:28
BRF:0
BRH:0
end_of_record
TN:
SF:src\services\module5.4\TaskFlagAssigner.ts
FN:86,(anonymous_0)
FN:98,(anonymous_1)
FN:114,(anonymous_2)
FN:142,(anonymous_3)
FN:163,(anonymous_4)
FN:185,(anonymous_5)
FN:204,(anonymous_6)
FN:221,(anonymous_7)
FN:235,(anonymous_8)
FN:247,(anonymous_9)
FN:266,(anonymous_10)
FN:280,(anonymous_11)
FN:295,(anonymous_12)
FN:300,(anonymous_13)
FN:301,(anonymous_14)
FN:302,(anonymous_15)
FN:316,(anonymous_16)
FN:317,(anonymous_17)
FN:328,(anonymous_18)
FN:341,(anonymous_19)
FN:342,(anonymous_20)
FN:350,(anonymous_21)
FN:354,(anonymous_22)
FN:355,(anonymous_23)
FN:358,(anonymous_24)
FN:361,(anonymous_25)
FN:367,(anonymous_26)
FN:370,(anonymous_27)
FN:385,(anonymous_28)
FN:395,(anonymous_29)
FNF:30
FNH:24
FNDA:40,(anonymous_0)
FNDA:2,(anonymous_1)
FNDA:7,(anonymous_2)
FNDA:7,(anonymous_3)
FNDA:7,(anonymous_4)
FNDA:7,(anonymous_5)
FNDA:7,(anonymous_6)
FNDA:7,(anonymous_7)
FNDA:0,(anonymous_8)
FNDA:1,(anonymous_9)
FNDA:1,(anonymous_10)
FNDA:3,(anonymous_11)
FNDA:3,(anonymous_12)
FNDA:3,(anonymous_13)
FNDA:3,(anonymous_14)
FNDA:3,(anonymous_15)
FNDA:3,(anonymous_16)
FNDA:3,(anonymous_17)
FNDA:3,(anonymous_18)
FNDA:0,(anonymous_19)
FNDA:0,(anonymous_20)
FNDA:0,(anonymous_21)
FNDA:0,(anonymous_22)
FNDA:0,(anonymous_23)
FNDA:7,(anonymous_24)
FNDA:7,(anonymous_25)
FNDA:7,(anonymous_26)
FNDA:7,(anonymous_27)
FNDA:7,(anonymous_28)
FNDA:7,(anonymous_29)
DA:41,1
DA:83,1
DA:87,40
DA:96,40
DA:102,2
DA:103,2
DA:104,2
DA:105,2
DA:112,2
DA:118,7
DA:119,7
DA:120,7
DA:121,7
DA:123,7
DA:130,7
DA:131,7
DA:132,7
DA:133,7
DA:135,7
DA:149,7
DA:150,4
DA:168,7
DA:172,1
DA:190,7
DA:191,1
DA:210,7
DA:211,0
DA:226,7
DA:227,1
DA:239,0
DA:240,0
DA:248,1
DA:249,1
DA:250,1
DA:251,1
DA:252,1
DA:253,1
DA:254,1
DA:255,1
DA:257,1
DA:258,0
DA:260,1
DA:261,1
DA:262,1
DA:265,1
DA:266,1
DA:272,1
DA:281,3
DA:282,3
DA:284,3
DA:285,3
DA:286,3
DA:288,3
DA:300,3
DA:301,3
DA:302,3
DA:304,3
DA:305,0
DA:307,3
DA:308,0
DA:317,3
DA:318,3
DA:319,3
DA:320,0
DA:329,3
DA:330,3
DA:331,0
DA:333,3
DA:334,3
DA:335,3
DA:336,0
DA:342,0
DA:354,0
DA:355,0
DA:359,7
DA:362,7
DA:368,7
DA:375,7
DA:386,7
DA:393,7
DA:396,7
DA:403,7
LF:82
LH:70
BRDA:100,0,0,0
BRDA:116,1,0,0
BRDA:119,2,0,7
BRDA:119,2,1,4
BRDA:149,3,0,4
BRDA:149,4,0,7
BRDA:149,4,1,3
BRDA:168,5,0,1
BRDA:169,6,0,7
BRDA:169,6,1,7
BRDA:190,7,0,1
BRDA:190,8,0,7
BRDA:190,8,1,7
BRDA:210,9,0,0
BRDA:210,10,0,7
BRDA:210,10,1,4
BRDA:226,11,0,1
BRDA:237,12,0,0
BRDA:254,13,0,1
BRDA:257,14,0,0
BRDA:261,15,0,1
BRDA:261,15,1,1
BRDA:304,16,0,0
BRDA:304,17,0,3
BRDA:304,17,1,0
BRDA:307,18,0,0
BRDA:307,19,0,3
BRDA:307,19,1,3
BRDA:319,20,0,0
BRDA:330,21,0,0
BRDA:330,22,0,3
BRDA:330,22,1,3
BRDA:333,23,0,3
BRDA:335,24,0,0
BRDA:363,25,0,7
BRDA:363,25,1,2
BRDA:373,26,0,0
BRDA:393,27,0,7
BRDA:393,27,1,0
BRDA:403,28,0,7
BRDA:403,28,1,0
BRF:41
BRH:27
end_of_record
TN:
SF:src\services\module5.4\extended-comprehensive-test.ts
FN:41,assert
FN:51,assertEquals
FN:64,runFloatCalculationTests
FN:75,runBasicFloatTests
FN:129,runComplexFloatTests
FN:177,runCriticalPathTests
FN:192,(anonymous_6)
FN:196,(anonymous_7)
FN:210,(anonymous_8)
FN:221,runExtendedTests
FNF:10
FNH:0
FNDA:0,assert
FNDA:0,assertEquals
FNDA:0,runFloatCalculationTests
FNDA:0,runBasicFloatTests
FNDA:0,runComplexFloatTests
FNDA:0,runCriticalPathTests
FNDA:0,(anonymous_6)
FNDA:0,(anonymous_7)
FNDA:0,(anonymous_8)
FNDA:0,runExtendedTests
DA:38,0
DA:39,0
DA:42,0
DA:43,0
DA:44,0
DA:45,0
DA:47,0
DA:52,0
DA:53,0
DA:54,0
DA:55,0
DA:57,0
DA:65,0
DA:66,0
DA:68,0
DA:69,0
DA:76,0
DA:77,0
DA:80,0
DA:89,0
DA:90,0
DA:97,0
DA:106,0
DA:107,0
DA:113,0
DA:114,0
DA:115,0
DA:116,0
DA:122,0
DA:130,0
DA:131,0
DA:134,0
DA:154,0
DA:157,0
DA:161,0
DA:165,0
DA:170,0
DA:178,0
DA:179,0
DA:181,0
DA:182,0
DA:185,0
DA:190,0
DA:191,0
DA:192,0
DA:195,0
DA:196,0
DA:201,0
DA:207,0
DA:208,0
DA:209,0
DA:210,0
DA:214,0
DA:222,0
DA:225,0
DA:226,0
DA:229,0
DA:230,0
DA:236,0
DA:237,0
DA:238,0
DA:239,0
DA:240,0
DA:241,0
DA:245,0
DA:246,0
DA:247,0
DA:248,0
DA:250,0
DA:251,0
DA:254,0
DA:264,0
DA:267,0
DA:268,0
DA:269,0
LF:75
LH:0
BRDA:43,0,0,0
BRDA:43,0,1,0
BRDA:53,1,0,0
BRDA:53,1,1,0
BRDA:245,2,0,0
BRDA:245,2,1,0
BRDA:267,3,0,0
BRF:7
BRH:0
end_of_record
TN:
SF:src\services\module5.4\types\SharedTypes.ts
FN:76,(anonymous_0)
FNF:1
FNH:1
FNDA:1,(anonymous_0)
DA:76,1
DA:77,1
DA:78,1
DA:79,1
DA:80,1
LF:5
LH:5
BRDA:76,0,0,1
BRDA:76,0,1,1
BRF:2
BRH:2
end_of_record
TN:
SF:src\services\module5.4\utils\CriticalPathMetricsUtils.ts
FN:16,calculateCriticalPathMetrics
FN:29,(anonymous_1)
FN:32,(anonymous_2)
FN:62,calculatePathDensity
FN:85,calculateAveragePathLength
FN:90,(anonymous_5)
FN:99,calculateComplexityScore
FN:106,(anonymous_7)
FNF:8
FNH:3
FNDA:3,calculateCriticalPathMetrics
FNDA:2,(anonymous_1)
FNDA:2,(anonymous_2)
FNDA:0,calculatePathDensity
FNDA:0,calculateAveragePathLength
FNDA:0,(anonymous_5)
FNDA:0,calculateComplexityScore
FNDA:0,(anonymous_7)
DA:16,1
DA:19,3
DA:20,1
DA:28,2
DA:29,2
DA:32,2
DA:33,2
DA:34,2
DA:37,2
DA:43,2
DA:48,2
DA:62,1
DA:66,0
DA:67,0
DA:70,0
DA:71,0
DA:72,0
DA:73,0
DA:77,0
DA:85,1
DA:86,0
DA:87,0
DA:90,0
DA:91,0
DA:99,1
DA:100,0
DA:101,0
DA:104,0
DA:105,0
DA:106,0
DA:109,0
DA:110,0
DA:111,0
DA:113,0
LF:34
LH:14
BRDA:19,0,0,1
BRDA:66,1,0,0
BRDA:66,2,0,0
BRDA:66,2,1,0
BRDA:86,3,0,0
BRDA:100,4,0,0
BRF:6
BRH:1
end_of_record
TN:
SF:src\services\module5.4\utils\CriticalPathUtils.ts
FN:28,isCriticalTask
FN:42,filterCriticalTasks
FN:46,(anonymous_2)
FN:54,buildDependencyMap
FN:61,(anonymous_4)
FN:81,validateCriticalPathSequence
FN:110,findAllPaths
FN:150,calculatePathMetrics
FN:154,(anonymous_8)
FN:156,(anonymous_9)
FN:180,detectPathIntersections
FN:196,(anonymous_11)
FN:225,generatePathId
FN:234,sortPathsByPriority
FN:235,(anonymous_14)
FNF:15
FNH:6
FNDA:0,isCriticalTask
FNDA:0,filterCriticalTasks
FNDA:0,(anonymous_2)
FNDA:7,buildDependencyMap
FNDA:7,(anonymous_4)
FNDA:3,validateCriticalPathSequence
FNDA:4,findAllPaths
FNDA:0,calculatePathMetrics
FNDA:0,(anonymous_8)
FNDA:0,(anonymous_9)
FNDA:2,detectPathIntersections
FNDA:0,(anonymous_11)
FNDA:0,generatePathId
FNDA:3,sortPathsByPriority
FNDA:0,(anonymous_14)
DA:12,1
DA:28,1
DA:32,0
DA:33,0
DA:42,1
DA:46,0
DA:54,1
DA:58,7
DA:59,7
DA:61,7
DA:62,7
DA:63,7
DA:65,7
DA:66,7
DA:68,7
DA:69,7
DA:72,7
DA:81,1
DA:85,3
DA:87,3
DA:89,3
DA:90,3
DA:91,3
DA:93,3
DA:94,3
DA:95,0
DA:99,3
DA:110,1
DA:116,4
DA:117,2
DA:120,2
DA:121,0
DA:124,2
DA:125,2
DA:126,2
DA:128,2
DA:129,2
DA:135,2
DA:136,2
DA:140,2
DA:141,2
DA:150,1
DA:154,0
DA:155,0
DA:156,0
DA:159,0
DA:162,0
DA:165,0
DA:167,0
DA:180,1
DA:189,2
DA:191,2
DA:192,1
DA:193,0
DA:194,0
DA:196,0
DA:197,0
DA:200,0
DA:202,0
DA:208,0
DA:217,2
DA:225,1
DA:226,0
DA:234,1
DA:235,3
DA:237,0
DA:238,0
DA:242,0
LF:68
LH:45
BRDA:30,0,0,0
BRDA:32,1,0,0
BRDA:32,1,1,0
BRDA:44,2,0,0
BRDA:65,3,0,7
BRDA:66,4,0,7
BRDA:85,5,0,0
BRDA:93,6,0,3
BRDA:93,6,1,0
BRDA:94,7,0,0
BRDA:114,8,0,2
BRDA:116,9,0,2
BRDA:120,10,0,0
BRDA:126,11,0,2
BRDA:126,11,1,0
BRDA:156,12,0,0
BRDA:156,12,1,0
BRDA:200,13,0,0
BRDA:202,14,0,0
BRDA:202,14,1,0
BRDA:204,15,0,0
BRDA:204,15,1,0
BRDA:237,16,0,0
BRF:23
BRH:6
end_of_record
TN:
SF:src\services\module5.4\utils\CriticalPathValidationUtils.ts
FN:41,isCriticalTask
FN:51,validateCriticalPathSequence
FN:87,buildDependencyMap
FN:118,findAllPaths
FN:126,dfs
FN:155,sortPathsByPriority
FN:156,(anonymous_6)
FNF:7
FNH:0
FNDA:0,isCriticalTask
FNDA:0,validateCriticalPathSequence
FNDA:0,buildDependencyMap
FNDA:0,findAllPaths
FNDA:0,dfs
FNDA:0,sortPathsByPriority
FNDA:0,(anonymous_6)
DA:42,0
DA:55,0
DA:56,0
DA:60,0
DA:61,0
DA:62,0
DA:63,0
DA:65,0
DA:69,0
DA:70,0
DA:71,0
DA:73,0
DA:74,0
DA:75,0
DA:79,0
DA:91,0
DA:92,0
DA:94,0
DA:96,0
DA:97,0
DA:99,0
DA:102,0
DA:103,0
DA:105,0
DA:108,0
DA:123,0
DA:124,0
DA:127,0
DA:128,0
DA:129,0
DA:132,0
DA:133,0
DA:136,0
DA:137,0
DA:139,0
DA:140,0
DA:143,0
DA:146,0
DA:147,0
DA:156,0
DA:158,0
DA:159,0
DA:163,0
DA:164,0
DA:168,0
LF:45
LH:0
BRDA:42,0,0,0
BRDA:42,0,1,0
BRDA:55,1,0,0
BRDA:62,2,0,0
BRDA:73,3,0,0
BRDA:73,3,1,0
BRDA:74,4,0,0
BRDA:96,5,0,0
BRDA:102,6,0,0
BRDA:127,7,0,0
BRDA:132,8,0,0
BRDA:137,9,0,0
BRDA:137,9,1,0
BRDA:158,10,0,0
BRDA:163,11,0,0
BRF:15
BRH:0
end_of_record
TN:
SF:src\services\module5.4\utils\FloatUtils.ts
FN:22,isFloatEqual
FN:36,isFloatZero
FN:49,roundFloat
FN:61,validateFloatRelationship
FN:74,getMinFloat
FN:84,getMaxFloat
FN:94,getAverageFloat
FN:96,(anonymous_7)
FN:104,workingDaysToCalendarDays
FN:116,isFloatWithinBounds
FN:132,getFloatRiskLevel
FNF:11
FNH:3
FNDA:0,isFloatEqual
FNDA:31,isFloatZero
FNDA:13,roundFloat
FNDA:3,validateFloatRelationship
FNDA:0,getMinFloat
FNDA:0,getMaxFloat
FNDA:0,getAverageFloat
FNDA:0,(anonymous_7)
FNDA:0,workingDaysToCalendarDays
FNDA:0,isFloatWithinBounds
FNDA:0,getFloatRiskLevel
DA:13,1
DA:22,1
DA:27,0
DA:36,1
DA:40,31
DA:49,1
DA:50,13
DA:51,13
DA:61,1
DA:66,3
DA:74,1
DA:75,0
DA:76,0
DA:84,1
DA:85,0
DA:86,0
DA:94,1
DA:95,0
DA:96,0
DA:104,1
DA:106,0
DA:116,1
DA:121,0
DA:132,1
DA:136,0
DA:137,0
DA:138,0
DA:139,0
LF:28
LH:15
BRDA:25,0,0,0
BRDA:38,1,0,0
BRDA:49,2,0,0
BRDA:64,3,0,0
BRDA:75,4,0,0
BRDA:85,5,0,0
BRDA:95,6,0,0
BRDA:118,7,0,0
BRDA:119,8,0,0
BRDA:122,9,0,0
BRDA:122,9,1,0
BRDA:122,9,2,0
BRDA:122,9,3,0
BRDA:134,10,0,0
BRDA:136,11,0,0
BRDA:137,12,0,0
BRDA:138,13,0,0
BRF:17
BRH:0
end_of_record
TN:
SF:src\services\module5.4\utils\Module54ErrorUtils.ts
FN:18,createDefaultFloatAnalysis
FN:57,createErrorResult
FN:95,createErrorTasks
FN:103,(anonymous_3)
FN:122,createErrorCriticalPathAnalysis
FNF:5
FNH:0
FNDA:0,createDefaultFloatAnalysis
FNDA:0,createErrorResult
FNDA:0,createErrorTasks
FNDA:0,(anonymous_3)
FNDA:0,createErrorCriticalPathAnalysis
DA:19,0
DA:62,0
DA:103,0
DA:123,0
LF:4
LH:0
BRF:0
BRH:0
end_of_record
TN:
SF:src\services\module5.4\utils\Module54ResultUtils.ts
FN:15,buildPerformanceMetrics
FN:30,buildQualityMetrics
FN:42,buildBasicFloatAnalysis
FN:70,extractCriticalTaskIds
FNF:4
FNH:1
FNDA:0,buildPerformanceMetrics
FNDA:0,buildQualityMetrics
FNDA:0,buildBasicFloatAnalysis
FNDA:2,extractCriticalTaskIds
DA:15,1
DA:19,0
DA:30,1
DA:31,0
DA:42,1
DA:43,0
DA:70,1
DA:73,2
DA:75,2
DA:76,1
DA:77,1
DA:78,2
DA:83,2
LF:13
LH:10
BRDA:22,0,0,0
BRDA:22,0,1,0
BRDA:76,1,0,1
BRDA:76,2,0,1
BRDA:76,2,1,1
BRF:5
BRH:3
end_of_record
TN:
SF:src\services\module5.4\utils\TaskFlagUtils.ts
FN:17,shouldAddCriticalFlag
FN:31,shouldAddNearCriticalFlag
FN:49,shouldAddHighFloatFlag
FN:62,shouldAddZeroFloatFlag
FN:74,shouldAddNegativeFloatFlag
FN:83,validateFlagUniqueness
FN:103,calculateFlagPriority
FNF:7
FNH:0
FNDA:0,shouldAddCriticalFlag
FNDA:0,shouldAddNearCriticalFlag
FNDA:0,shouldAddHighFloatFlag
FNDA:0,shouldAddZeroFloatFlag
FNDA:0,shouldAddNegativeFloatFlag
FNDA:0,validateFlagUniqueness
FNDA:0,calculateFlagPriority
DA:21,0
DA:36,0
DA:53,0
DA:66,0
DA:75,0
DA:87,0
DA:88,0
DA:89,0
DA:90,0
DA:104,0
DA:112,0
LF:11
LH:0
BRDA:37,0,0,0
BRDA:37,0,1,0
BRDA:37,0,2,0
BRDA:89,1,0,0
BRDA:112,2,0,0
BRDA:112,2,1,0
BRF:6
BRH:0
end_of_record
TN:
SF:src\services\module5.4\utils\ValidationUtils.ts
FN:36,validateTaskDates
FN:58,checkRequiredDates
FN:82,validateDateOrder
FN:112,validateFloatConsistency
FN:143,checkFloatBounds
FN:163,validateFloatRelationships
FN:183,validateCriticalFlagConsistency
FN:204,validateCalculatedFloat
FN:227,validateTaskBatch
FN:242,(anonymous_9)
FN:272,validateUniqueTaskIds
FN:280,(anonymous_11)
FN:293,(anonymous_12)
FN:309,validateRequiredFloatProperties
FN:315,(anonymous_14)
FN:342,performComprehensiveValidation
FNF:16
FNH:0
FNDA:0,validateTaskDates
FNDA:0,checkRequiredDates
FNDA:0,validateDateOrder
FNDA:0,validateFloatConsistency
FNDA:0,checkFloatBounds
FNDA:0,validateFloatRelationships
FNDA:0,validateCriticalFlagConsistency
FNDA:0,validateCalculatedFloat
FNDA:0,validateTaskBatch
FNDA:0,(anonymous_9)
FNDA:0,validateUniqueTaskIds
FNDA:0,(anonymous_11)
FNDA:0,(anonymous_12)
FNDA:0,validateRequiredFloatProperties
FNDA:0,(anonymous_14)
FNDA:0,performComprehensiveValidation
DA:37,0
DA:38,0
DA:41,0
DA:44,0
DA:46,0
DA:59,0
DA:60,0
DA:63,0
DA:64,0
DA:67,0
DA:68,0
DA:71,0
DA:72,0
DA:87,0
DA:92,0
DA:95,0
DA:96,0
DA:99,0
DA:100,0
DA:116,0
DA:117,0
DA:120,0
DA:123,0
DA:126,0
DA:129,0
DA:131,0
DA:144,0
DA:145,0
DA:150,0
DA:151,0
DA:168,0
DA:169,0
DA:170,0
DA:188,0
DA:189,0
DA:190,0
DA:191,0
DA:209,0
DA:211,0
DA:213,0
DA:214,0
DA:231,0
DA:232,0
DA:234,0
DA:235,0
DA:236,0
DA:239,0
DA:240,0
DA:242,0
DA:243,0
DA:244,0
DA:246,0
DA:247,0
DA:249,0
DA:250,0
DA:251,0
DA:256,0
DA:260,0
DA:275,0
DA:276,0
DA:277,0
DA:278,0
DA:280,0
DA:281,0
DA:282,0
DA:283,0
DA:286,0
DA:287,0
DA:289,0
DA:293,0
DA:294,0
DA:297,0
DA:312,0
DA:313,0
DA:315,0
DA:316,0
DA:317,0
DA:320,0
DA:321,0
DA:324,0
DA:325,0
DA:329,0
DA:346,0
DA:347,0
DA:350,0
DA:351,0
DA:352,0
DA:355,0
DA:360,0
DA:366,0
LF:90
LH:0
BRDA:59,0,0,0
BRDA:63,1,0,0
BRDA:67,2,0,0
BRDA:71,3,0,0
BRDA:87,4,0,0
BRDA:88,5,0,0
BRDA:88,5,1,0
BRDA:88,5,2,0
BRDA:95,6,0,0
BRDA:95,7,0,0
BRDA:95,7,1,0
BRDA:95,7,2,0
BRDA:99,8,0,0
BRDA:99,9,0,0
BRDA:99,9,1,0
BRDA:99,9,2,0
BRDA:114,10,0,0
BRDA:144,11,0,0
BRDA:144,12,0,0
BRDA:144,12,1,0
BRDA:150,13,0,0
BRDA:150,14,0,0
BRDA:150,14,1,0
BRDA:168,15,0,0
BRDA:168,16,0,0
BRDA:168,16,1,0
BRDA:169,17,0,0
BRDA:188,18,0,0
BRDA:188,19,0,0
BRDA:188,19,1,0
BRDA:190,20,0,0
BRDA:209,21,0,0
BRDA:209,22,0,0
BRDA:209,22,1,0
BRDA:209,22,2,0
BRDA:213,23,0,0
BRDA:229,24,0,0
BRDA:234,25,0,0
BRDA:246,26,0,0
BRDA:246,26,1,0
BRDA:246,27,0,0
BRDA:246,27,1,0
BRDA:281,28,0,0
BRDA:286,29,0,0
BRDA:286,29,1,0
BRDA:316,30,0,0
BRDA:320,31,0,0
BRDA:324,32,0,0
BRDA:344,33,0,0
BRF:49
BRH:0
end_of_record
TN:
SF:src\types\schedule\task.types.ts
FN:60,(anonymous_0)
FN:70,(anonymous_1)
FN:91,(anonymous_2)
FNF:3
FNH:0
FNDA:0,(anonymous_0)
FNDA:0,(anonymous_1)
FNDA:0,(anonymous_2)
DA:60,0
DA:61,0
DA:62,0
DA:63,0
DA:64,0
DA:70,0
DA:71,0
DA:72,0
DA:73,0
DA:74,0
DA:75,0
DA:91,0
DA:93,0
DA:94,0
DA:95,0
DA:96,0
DA:97,0
DA:98,0
DA:101,0
DA:102,0
DA:105,0
DA:106,0
LF:22
LH:0
BRDA:60,0,0,0
BRDA:60,0,1,0
BRDA:70,1,0,0
BRDA:70,1,1,0
BRDA:91,2,0,0
BRDA:91,2,1,0
BRF:6
BRH:0
end_of_record
TN:
SF:src\utils\logger.ts
FN:2,(anonymous_0)
FN:5,(anonymous_1)
FN:8,(anonymous_2)
FN:11,(anonymous_3)
FNF:4
FNH:0
FNDA:0,(anonymous_0)
FNDA:0,(anonymous_1)
FNDA:0,(anonymous_2)
FNDA:0,(anonymous_3)
DA:1,0
DA:3,0
DA:6,0
DA:9,0
DA:12,0
DA:13,0
LF:6
LH:0
BRDA:12,0,0,0
BRF:1
BRH:0
end_of_record
TN:
SF:src\utils\working-days\calculator.ts
FN:16,(anonymous_0)
FN:24,(anonymous_1)
FN:72,(anonymous_2)
FN:104,(anonymous_3)
FN:143,(anonymous_4)
FN:150,(anonymous_5)
FN:157,(anonymous_6)
FN:164,(anonymous_7)
FN:172,(anonymous_8)
FN:179,(anonymous_9)
FN:186,(anonymous_10)
FN:194,(anonymous_11)
FNF:12
FNH:0
FNDA:0,(anonymous_0)
FNDA:0,(anonymous_1)
FNDA:0,(anonymous_2)
FNDA:0,(anonymous_3)
FNDA:0,(anonymous_4)
FNDA:0,(anonymous_5)
FNDA:0,(anonymous_6)
FNDA:0,(anonymous_7)
FNDA:0,(anonymous_8)
FNDA:0,(anonymous_9)
FNDA:0,(anonymous_10)
FNDA:0,(anonymous_11)
DA:17,0
DA:18,0
DA:25,0
DA:26,0
DA:29,0
DA:30,0
DA:34,0
DA:35,0
DA:39,0
DA:40,0
DA:44,0
DA:50,0
DA:56,0
DA:57,0
DA:59,0
DA:60,0
DA:61,0
DA:63,0
DA:66,0
DA:74,0
DA:75,0
DA:76,0
DA:80,0
DA:81,0
DA:85,0
DA:86,0
DA:89,0
DA:91,0
DA:92,0
DA:93,0
DA:94,0
DA:98,0
DA:106,0
DA:107,0
DA:108,0
DA:112,0
DA:113,0
DA:117,0
DA:118,0
DA:122,0
DA:128,0
DA:130,0
DA:131,0
DA:132,0
DA:133,0
DA:137,0
DA:144,0
DA:151,0
DA:158,0
DA:165,0
DA:166,0
DA:173,0
DA:180,0
DA:187,0
DA:188,0
DA:195,0
LF:56
LH:0
BRDA:29,0,0,0
BRDA:29,1,0,0
BRDA:29,1,1,0
BRDA:34,2,0,0
BRDA:35,3,0,0
BRDA:35,3,1,0
BRDA:39,4,0,0
BRDA:60,5,0,0
BRDA:75,6,0,0
BRDA:80,7,0,0
BRDA:85,8,0,0
BRDA:93,9,0,0
BRDA:107,10,0,0
BRDA:112,11,0,0
BRDA:117,12,0,0
BRDA:132,13,0,0
BRF:16
BRH:0
end_of_record
TN:
SF:src\utils\working-days\config-manager.ts
FN:14,(anonymous_0)
FN:21,(anonymous_1)
FN:28,(anonymous_2)
FN:35,(anonymous_3)
FN:42,(anonymous_4)
FN:44,(anonymous_5)
FN:51,(anonymous_6)
FN:58,(anonymous_7)
FN:65,(anonymous_8)
FNF:9
FNH:0
FNDA:0,(anonymous_0)
FNDA:0,(anonymous_1)
FNDA:0,(anonymous_2)
FNDA:0,(anonymous_3)
FNDA:0,(anonymous_4)
FNDA:0,(anonymous_5)
FNDA:0,(anonymous_6)
FNDA:0,(anonymous_7)
FNDA:0,(anonymous_8)
DA:15,0
DA:22,0
DA:29,0
DA:36,0
DA:43,0
DA:44,0
DA:52,0
DA:59,0
DA:66,0
LF:9
LH:0
BRF:0
BRH:0
end_of_record
TN:
SF:src\utils\working-days\config.ts
FNF:0
FNH:0
DA:16,0
LF:1
LH:0
BRF:0
BRH:0
end_of_record
TN:
SF:src\utils\working-days\holiday-manager.ts
FN:13,(anonymous_0)
FN:52,(anonymous_1)
FN:74,(anonymous_2)
FN:92,(anonymous_3)
FN:102,(anonymous_4)
FN:113,(anonymous_5)
FNF:6
FNH:0
FNDA:0,(anonymous_0)
FNDA:0,(anonymous_1)
FNDA:0,(anonymous_2)
FNDA:0,(anonymous_3)
FNDA:0,(anonymous_4)
FNDA:0,(anonymous_5)
DA:14,0
DA:17,0
DA:20,0
DA:23,0
DA:26,0
DA:29,0
DA:32,0
DA:35,0
DA:38,0
DA:41,0
DA:44,0
DA:46,0
DA:58,0
DA:59,0
DA:62,0
DA:65,0
DA:67,0
DA:68,0
DA:79,0
DA:80,0
DA:83,0
DA:85,0
DA:86,0
DA:93,0
DA:94,0
DA:95,0
DA:96,0
DA:103,0
DA:104,0
DA:105,0
DA:107,0
DA:108,0
DA:109,0
DA:113,0
DA:114,0
DA:115,0
LF:36
LH:0
BRDA:93,0,0,0
BRDA:93,0,1,0
BRDA:115,1,0,0
BRDA:115,1,1,0
BRF:4
BRH:0
end_of_record
TN:
SF:src\utils\working-days\utilities.ts
FN:13,calculateWorkingDays
FN:21,addWorkingDays
FN:29,createWorkingDaysCalculator
FN:39,isWorkingDay
FN:50,createUSWorkingDaysCalculator
FNF:5
FNH:0
FNDA:0,calculateWorkingDays
FNDA:0,addWorkingDays
FNDA:0,createWorkingDaysCalculator
FNDA:0,isWorkingDay
FNDA:0,createUSWorkingDaysCalculator
DA:14,0
DA:15,0
DA:22,0
DA:23,0
DA:32,0
DA:33,0
DA:43,0
DA:44,0
DA:53,0
DA:54,0
DA:56,0
LF:11
LH:0
BRDA:53,0,0,0
BRDA:53,0,1,0
BRF:2
BRH:0
end_of_record
TN:
SF:src\utils\working-days\validator.ts
FN:14,(anonymous_0)
FN:21,(anonymous_1)
FN:29,(anonymous_2)
FN:37,(anonymous_3)
FN:62,(anonymous_4)
FN:70,(anonymous_5)
FNF:6
FNH:0
FNDA:0,(anonymous_0)
FNDA:0,(anonymous_1)
FNDA:0,(anonymous_2)
FNDA:0,(anonymous_3)
FNDA:0,(anonymous_4)
FNDA:0,(anonymous_5)
DA:15,0
DA:22,0
DA:23,0
DA:30,0
DA:31,0
DA:39,0
DA:40,0
DA:43,0
DA:44,0
DA:47,0
DA:48,0
DA:52,0
DA:53,0
DA:56,0
DA:63,0
DA:64,0
DA:71,0
LF:17
LH:0
BRDA:39,0,0,0
BRDA:47,1,0,0
BRDA:52,2,0,0
BRF:3
BRH:0
end_of_record
